5
16
17
39
47
36
100
6 10
15 20
27 32
19 24
15 18
23 28
19 22
5 10
15 19
18 21
8 9
14 19
12 13
14 18
51 53
46 49
50 53
48 49
48 52
45 49
45 52
40 42
38 41
43 46
38 42
41 46
37 42
40 44
38 44
37 44
48 42
48 44
43 45
41 45
48 50
51 46
45 42
45 44
23 26
23 27
43 48
40 41
34 37
33 37
35 37
34 38
40 43
29 35
22 27
33 38
24 28
32 35
31 35
30 35
32 33
34 40
22 25
31 33
29 33
0 1
14 20
0 4
6 11
0 2
10 13
9 13
28 30
25 30
27 30
26 30
31 34
32 34
25 29
28 29
26 29
24 27
21 27
25 31
26 31
21 28
22 28
26 32
23 25
24 25
13 19
13 20
20 21
18 23
26 21
18 22
24 20
3 8
3 7
5 11
6 4
6 1
6 2
7 11
8 11
15 11
