5
21
85
87
4
63
100
72 10
56 2
60 98
10 98
84 89
84 64
2 98
45 16
91 17
26 98
47 98
84 78
71 98
12 98
3 98
29 77
22 98
45 98
17 98
81 98
29 98
57 98
82 98
97 98
92 98
39 98
59 98
53 98
31 98
11 98
36 98
58 98
69 98
65 98
54 98
89 98
19 98
44 98
13 98
60 66
70 50
78 50
7 50
5 50
2 50
61 50
16 50
9 50
25 50
71 50
77 50
0 50
6 50
84 50
97 50
33 50
62 50
27 50
80 50
22 50
37 50
64 50
17 50
79 50
54 50
3 50
73 47
94 47
45 47
60 47
41 47
15 47
28 47
12 47
1 47
82 47
83 47
19 47
30 47
96 47
67 47
44 47
80 47
35 47
39 47
70 47
68 47
29 47
97 47
58 47
54 13
81 13
55 13
76 13
0 13
92 13
56 44
17 44
61 13
52 13
