5
40
65
77
28
80
100
66 83
66 8
5 53
17 8
66 71
74 22
54 22
30 97
0 79
48 5
0 66
0 74
0 7
0 86
0 95
0 19
0 48
0 2
0 46
0 23
0 78
0 51
0 33
0 68
0 41
0 12
0 73
0 62
0 3
0 49
0 37
0 67
0 59
0 13
0 44
0 81
0 76
0 29
0 87
0 56
0 54
0 18
0 8
0 71
0 94
0 32
0 75
0 88
0 50
0 53
0 22
0 17
0 9
0 60
0 6
0 27
0 83
0 24
0 70
0 26
0 10
0 34
0 45
0 97
0 35
0 5
0 4
0 92
0 55
0 93
0 11
0 57
0 90
0 20
0 15
0 69
0 47
0 31
0 61
0 72
0 84
0 96
0 89
0 39
0 16
0 25
0 14
0 52
0 1
0 36
0 43
0 82
0 63
0 30
0 38
0 85
0 58
0 64
0 42
0 91
