5
25
71
36
77
95
100
0 52
92 47
22 99
17 99
21 99
55 99
91 99
73 99
34 99
39 99
73 34
0 73
52 99
59 99
43 99
87 99
98 99
76 99
65 99
69 99
23 99
16 99
0 99
11 99
70 99
62 99
78 99
2 99
12 99
92 99
61 99
68 99
44 99
93 99
50 99
7 99
67 99
19 99
24 99
28 99
72 99
29 99
38 99
83 99
88 99
66 99
86 99
15 99
4 99
24 37
0 54
0 9
97 40
0 50
13 37
85 1
38 37
0 53
1 37
27 37
64 37
0 74
0 68
0 22
0 96
0 81
0 76
0 93
0 27
0 41
0 59
0 49
0 98
0 37
0 87
0 85
0 39
0 89
0 6
0 23
0 61
0 79
0 2
0 3
0 82
0 24
0 83
0 20
0 11
0 35
0 88
0 84
0 69
0 1
0 16
0 47
0 45
0 91
0 57
0 10
