0
100
0 89
4 89
42 89
66 89
37 65
65 89
2 56
23 58
35 56
19 60
78 56
67 56
0 80
31 38
60 4
87 38
43 52
57 38
4 38
0 28
0 25
0 66
48 38
0 86
75 38
53 38
20 38
77 38
9 46
0 85
0 82
31 85
10 85
0 73
0 40
0 35
0 27
78 58
78 57
78 1
78 20
78 40
78 31
78 55
78 47
83 6
11 85
83 27
83 60
83 28
83 12
83 32
83 11
83 35
47 76
47 62
63 68
63 49
63 26
48 52
48 86
36 85
48 74
48 5
48 8
48 36
69 85
48 44
71 85
1 85
33 85
77 85
60 55
71 55
81 9
16 55
4 55
2 55
1 51
60 51
19 51
81 40
42 51
81 49
26 51
54 51
81 8
19 59
1 59
81 37
81 86
28 69
28 7
23 87
76 87
3 87
36 87
24 87
43 87
67 8
