5
44
5
25
18
52
100
80 51
61 99
28 99
37 99
0 43
0 4
15 93
31 19
35 99
41 99
70 47
0 59
98 99
19 99
2 99
39 99
54 99
93 99
15 99
74 99
26 99
40 99
67 99
96 99
13 99
0 8
49 22
15 22
87 22
0 34
9 22
0 70
0 64
0 92
0 39
0 27
0 1
0 61
0 57
0 73
0 68
0 58
0 48
0 63
0 67
78 9
78 62
78 54
78 83
78 20
78 84
78 71
78 42
78 75
78 76
78 19
78 39
94 22
66 22
55 22
14 22
98 22
56 22
48 7
90 22
16 22
28 22
9 63
30 22
67 22
92 22
24 54
19 13
24 91
42 57
24 77
24 28
24 85
24 8
24 58
24 79
24 60
24 45
24 70
24 83
24 90
24 16
24 59
3 49
3 8
3 70
3 82
3 12
3 91
3 2
3 86
3 61
3 71
3 88
3 41
