5
18
73
51
49
32
100
0 29
84 85
62 94
0 77
0 84
59 94
6 94
0 16
78 93
0 43
0 46
0 38
34 94
8 94
0 28
4 94
47 94
87 94
71 13
93 94
11 94
66 84
16 84
69 84
0 19
0 86
0 71
0 1
0 15
0 23
82 84
11 84
78 84
13 84
68 84
83 84
61 28
0 39
87 28
11 28
22 28
0 80
55 28
53 28
89 27
0 58
0 9
37 28
0 82
0 91
0 25
0 17
0 89
0 53
87 75
27 28
87 85
75 28
34 28
70 28
46 28
87 86
62 28
87 66
87 88
87 6
87 43
90 28
83 29
87 64
56 28
91 28
29 28
15 28
41 64
80 19
89 64
87 5
87 16
79 65
87 92
22 64
87 27
19 64
65 64
87 77
87 89
87 46
87 53
87 42
87 63
87 34
87 19
50 5
33 64
1 64
40 64
50 78
17 64
4 64
