5
88
14
26
36
17
100
65 99
0 68
0 59
30 99
0 5
28 7
87 99
66 99
0 11
9 99
15 99
44 7
9 7
0 58
0 89
0 42
0 45
0 25
66 93
66 52
66 13
66 19
66 29
83 7
66 61
64 7
85 98
85 33
85 4
85 68
41 7
97 7
21 7
8 7
35 3
70 3
56 67
20 3
67 3
78 3
63 74
52 74
75 74
85 48
85 1
46 74
94 74
25 74
85 83
85 31
85 32
56 39
67 74
21 74
56 57
72 31
56 83
56 54
56 50
56 9
82 41
56 11
31 48
56 77
56 72
56 31
34 90
34 13
34 24
34 15
92 48
41 48
34 58
34 5
34 46
71 40
71 38
71 95
55 48
71 57
71 23
86 4
16 48
86 55
86 11
86 94
86 39
54 48
90 48
86 16
72 38
72 73
97 48
61 48
47 48
72 77
72 50
44 48
69 48
77 59
