5
95
61
49
83
7
100
81 99
0 32
0 70
0 84
0 76
0 16
0 55
47 99
0 77
0 67
0 87
0 31
82 99
0 21
0 29
0 75
12 99
78 62
69 99
0 58
0 52
0 22
0 19
54 62
0 1
0 46
0 86
0 74
88 99
0 54
0 42
0 20
0 18
0 10
79 62
0 71
0 91
0 45
10 99
0 44
0 88
62 99
25 99
0 97
0 72
0 8
0 40
11 99
0 37
86 99
60 99
0 51
45 99
0 99
55 16
0 62
0 68
0 65
48 99
17 99
13 99
16 99
29 99
75 99
77 99
97 99
24 99
44 99
58 99
0 34
57 99
0 30
0 3
2 41
0 23
0 13
0 89
0 12
0 36
0 63
5 99
15 99
0 6
26 99
21 99
60 19
0 98
0 2
0 4
18 99
41 99
27 98
35 50
46 99
3 99
40 99
98 99
29 65
19 99
27 99
