5
30
94
7
64
3
100
55 31
42 67
13 99
5 99
33 99
65 99
78 99
17 31
20 99
42 73
39 99
91 32
23 99
80 1
26 8
0 44
88 14
51 1
14 8
0 2
20 31
0 26
67 71
0 47
79 1
0 63
0 46
0 56
12 53
91 81
67 91
37 1
43 73
8 1
67 66
39 29
71 1
39 12
67 22
29 1
53 1
67 21
70 55
67 46
49 12
46 44
69 12
67 38
31 80
67 70
67 9
52 61
62 57
42 44
66 1
48 1
85 60
4 54
44 54
58 95
9 43
28 96
58 10
43 54
58 85
33 54
74 54
83 54
14 54
55 54
58 2
58 77
57 56
84 56
19 26
69 32
88 77
58 42
6 56
88 59
32 56
63 56
90 56
58 65
50 56
29 56
8 56
5 53
69 38
35 53
95 59
92 53
59 53
91 52
65 86
57 53
87 53
86 53
34 53
14 25
