5
54
28
60
78
4
100
0 79
0 18
0 75
87 89
0 6
19 89
0 86
0 43
27 89
0 71
1 89
0 24
64 89
81 89
0 63
40 89
0 88
0 66
0 61
43 89
86 89
70 89
44 89
59 89
62 89
35 89
16 89
50 39
32 89
71 89
66 39
43 44
0 21
0 22
0 7
62 39
0 50
0 37
0 13
15 39
40 65
40 14
40 48
40 1
52 39
44 39
35 39
36 39
73 39
40 2
55 39
38 39
40 66
40 18
40 58
77 55
40 71
40 23
84 39
11 39
67 58
62 64
40 25
40 88
40 62
40 26
40 46
40 30
3 39
56 39
40 41
58 39
57 39
40 42
40 74
40 67
72 76
72 9
72 68
72 67
72 7
72 30
12 68
72 22
72 85
72 77
72 1
48 68
72 43
48 43
36 68
43 68
10 68
72 26
45 68
72 8
75 68
72 73
72 48
72 12
