5
51
16
43
18
7
100
0 56
0 79
17 83
0 17
90 97
59 97
88 97
82 97
40 97
1 97
31 97
3 97
42 97
48 97
76 97
21 97
10 97
9 97
44 97
24 97
61 97
33 97
96 97
91 97
25 97
15 97
53 97
62 97
47 97
37 97
32 97
0 38
47 5
0 68
0 74
0 5
0 27
23 15
42 66
0 46
0 31
25 73
0 89
15 66
90 66
63 66
5 66
55 83
0 94
92 67
0 62
0 92
94 66
83 66
95 66
78 66
28 66
53 66
26 66
64 66
50 66
59 66
56 66
1 66
40 66
29 66
3 66
85 66
47 66
44 66
57 66
39 66
69 66
36 66
75 66
37 66
0 13
0 69
0 19
0 36
0 93
0 24
0 96
0 41
0 95
0 58
0 26
0 91
0 75
0 11
53 34
29 85
53 4
8 93
58 69
53 46
52 27
30 69
53 52
53 59
