5
41
58
98
70
78
83
64 99
0 18
96 31
0 84
0 40
79 92
76 85
37 31
76 12
47 11
44 51
90 31
56 30
61 21
90 65
85 84
11 65
46 97
44 68
8 77
8 83
8 91
46 44
97 92
96 24
15 24
42 24
73 56
63 56
97 19
74 45
59 29
97 38
43 45
97 59
91 45
68 45
92 38
14 83
92 39
18 27
4 25
18 3
80 40
67 13
34 13
50 27
95 62
55 74
28 62
54 49
94 39
63 71
77 4
96 71
63 50
61 71
2 90
32 74
84 39
87 5
91 5
33 80
10 32
22 1
22 20
73 72
38 67
64 32
19 1
3 32
19 57
11 15
33 64
16 35
64 86
62 16
2 51
34 17
12 17
3 51
15 43
12 61
