5
12
17
11
61
86
100
0 13
45 81
76 99
0 94
79 45
0 97
71 54
71 79
23 59
56 99
71 15
71 88
71 44
81 99
64 19
64 29
34 99
31 99
64 14
1 99
74 66
74 25
74 36
74 24
74 56
78 99
74 13
54 95
54 79
54 21
22 38
31 59
31 52
94 22
60 38
94 4
94 29
41 24
41 75
41 60
83 33
47 38
57 82
89 38
78 38
57 96
68 28
27 28
45 28
73 96
63 96
5 96
52 96
87 96
84 20
57 60
48 20
53 20
57 47
92 20
70 20
57 80
26 20
81 20
75 45
58 22
14 51
14 60
80 22
14 37
14 29
14 7
77 76
19 22
45 22
46 22
98 93
82 25
77 55
90 25
67 25
77 69
2 25
67 5
77 91
29 48
29 55
29 30
23 78
58 5
21 5
29 69
91 47
91 9
91 70
78 5
19 6
19 98
65 90
65 45
