1
54
100
0 98
36 98
22 98
57 98
10 3
25 98
42 98
66 98
3 98
10 9
61 98
9 98
0 67
41 98
23 98
37 98
5 98
73 24
60 98
50 98
17 98
24 98
21 98
22 62
67 62
85 62
15 62
24 62
2 26
0 86
21 62
81 62
87 58
26 62
91 62
37 58
0 42
71 62
0 25
0 16
77 62
0 56
90 62
96 62
0 59
97 62
0 81
0 71
68 62
0 47
42 62
31 23
0 37
0 65
0 1
0 17
0 66
0 97
0 72
58 62
0 10
0 41
86 62
51 62
78 62
23 62
95 62
0 4
83 62
12 62
5 62
75 62
60 62
14 65
51 65
27 65
48 65
0 57
93 4
0 84
31 65
23 65
4 65
0 60
5 65
0 9
22 65
61 68
40 65
60 65
33 65
23 47
0 22
68 65
61 65
0 94
2 65
0 51
22 44
47 65
