5
55
22
95
34
35
100
90 99
0 62
7 99
84 99
0 59
9 99
16 25
0 51
0 16
0 5
31 25
12 20
87 99
3 99
71 99
40 99
0 60
20 99
18 99
0 31
8 99
0 74
0 76
57 99
69 99
19 99
15 99
0 77
67 99
32 99
74 99
80 99
0 10
76 99
17 99
63 99
24 99
94 99
21 99
51 99
33 99
81 99
16 99
48 99
14 99
98 99
60 99
64 99
77 99
36 99
39 99
79 99
49 99
37 99
56 99
0 43
0 45
78 99
6 99
72 99
0 23
0 30
65 99
54 99
13 99
82 99
25 99
47 99
28 99
26 99
86 99
50 99
46 99
89 99
52 99
27 99
92 99
5 99
4 99
96 99
43 99
85 99
1 99
30 99
97 99
45 99
0 93
81 23
0 65
96 23
0 57
0 54
0 82
0 36
5 23
53 23
0 12
0 88
32 23
0 79
