1
2
96
0 99
1 99
97 99
0 98
4 99
96 98
0 23
19 96
1 3
21 20
21 19
24 25
7 9
45 93
95 96
12 11
25 95
56 90
23 3
89 91
20 93
92 94
50 76
87 91
89 88
87 86
24 26
81 83
82 83
90 92
91 93
85 86
85 84
24 57
44 42
46 44
51 53
45 44
15 13
52 54
53 71
54 56
39 37
14 13
50 49
35 36
48 47
48 49
75 38
12 13
9 11
18 19
12 10
6 8
7 8
43 41
18 20
18 16
17 15
6 4
33 70
58 57
66 68
78 77
70 10
34 32
82 80
35 33
30 62
59 63
9 10
29 31
62 42
31 33
28 29
5 7
35 28
80 78
78 29
73 71
69 67
25 27
16 14
77 75
71 69
65 63
70 68
67 66
74 72
74 73
76 75
26 27
81 80
65 64
63 61
62 60
