3
63
1
33
100
0 99
38 99
78 99
35 99
41 99
74 99
70 99
58 99
11 99
88 99
10 99
93 99
0 69
0 20
30 99
0 34
0 46
0 94
0 87
28 25
0 80
0 92
0 65
0 38
0 12
0 40
0 95
96 99
0 82
0 42
0 50
0 62
0 79
0 48
0 97
0 52
49 99
89 99
0 6
0 55
0 16
25 99
0 8
0 89
0 60
0 68
0 88
0 71
0 10
0 26
0 32
0 41
82 99
0 73
0 83
0 96
0 36
0 77
44 99
3 99
0 54
42 99
0 39
9 94
0 25
0 30
16 99
28 99
81 99
55 99
45 99
0 93
61 99
73 99
85 99
0 51
0 84
0 29
0 53
0 17
0 11
0 59
0 76
79 99
43 99
19 99
14 99
72 99
0 75
65 99
24 36
0 45
26 99
0 27
66 99
0 57
18 36
0 70
56 99
0 24
