5
24
39
23
14
5
100
66 26
55 99
0 50
0 26
0 31
0 41
44 99
0 60
0 68
0 70
0 4
0 46
0 87
0 13
11 99
0 45
0 48
0 56
0 7
0 63
0 85
0 73
0 19
0 80
0 97
0 6
0 79
0 9
0 54
0 33
0 84
0 92
0 59
0 72
0 22
67 77
38 51
41 49
49 99
75 99
7 99
35 99
86 99
54 85
4 99
93 99
94 99
80 99
77 99
70 99
42 99
9 99
87 99
88 99
92 99
31 99
64 99
78 99
74 99
38 99
67 99
32 99
45 99
10 99
59 99
30 99
37 99
12 99
97 99
43 25
17 21
43 28
22 16
43 64
88 16
43 21
15 38
43 33
43 6
43 47
88 35
25 60
43 15
31 93
21 73
43 88
25 31
13 73
84 61
20 6
80 16
85 4
43 40
43 95
43 69
43 45
43 55
43 4
43 86
43 41
