5
24
26
52
49
39
100
61 97
50 97
76 97
85 97
69 97
68 97
77 97
60 97
83 97
91 97
70 97
95 97
53 97
90 97
51 97
58 97
87 97
84 97
79 97
55 97
86 97
54 97
56 97
72 97
75 97
74 97
78 97
63 97
71 97
73 97
80 97
66 97
67 97
93 97
62 97
65 97
57 97
92 97
64 97
59 97
89 97
94 97
82 97
88 97
81 97
50 19
47 62
88 19
56 19
21 93
28 96
56 2
51 2
73 2
2 96
19 96
28 69
15 96
25 96
23 96
44 96
10 96
32 96
45 96
17 96
9 96
41 96
18 96
48 96
34 96
31 96
12 96
35 96
4 96
42 96
43 96
14 96
33 96
22 96
27 96
38 96
16 96
5 96
36 96
30 96
11 96
37 96
7 96
47 96
40 96
3 96
8 96
21 96
1 96
6 96
20 96
13 96
46 96
28 61
0 21
