5
35
93
62
70
53
100
0 26
0 72
83 54
83 11
5 19
79 99
55 13
33 13
5 40
49 66
5 11
5 81
47 66
30 66
46 66
19 56
10 56
80 56
30 56
32 56
50 61
4 27
4 81
4 43
11 61
4 78
4 64
86 94
89 2
89 42
73 61
96 28
94 61
52 61
15 80
59 61
33 46
29 46
81 8
94 60
49 85
34 2
90 42
68 6
96 91
48 58
42 87
41 2
48 27
96 48
48 40
48 45
48 32
84 44
84 20
84 42
38 49
38 94
30 87
43 12
43 77
73 87
69 87
45 92
45 20
58 64
44 85
37 79
23 2
40 3
88 42
47 9
88 95
15 9
54 9
22 72
73 6
92 6
95 74
34 81
47 63
90 20
51 57
76 57
7 12
54 52
78 44
47 55
47 21
47 77
92 44
65 41
26 44
12 41
88 59
88 34
7 1
32 41
55 14
29 30
