0
98
0 99
96 98
1 3
40 41
45 47
12 14
7 9
73 75
22 24
64 66
62 64
52 53
56 57
94 96
94 93
80 81
35 36
30 32
59 61
13 14
27 29
60 62
28 29
30 31
74 76
75 76
71 72
8 10
45 46
77 79
4 5
9 11
12 13
81 83
19 21
20 22
18 20
24 26
26 28
6 8
3 5
31 32
93 95
2 4
77 78
88 90
36 38
65 66
63 65
87 89
86 88
85 87
72 74
71 73
0 2
41 43
41 42
68 70
82 84
85 86
56 58
59 60
53 55
50 52
53 54
91 92
89 90
91 90
17 19
15 17
33 35
83 84
78 80
95 97
23 25
25 27
21 23
37 38
34 35
69 70
10 11
48 50
47 49
16 18
61 63
15 16
33 34
46 48
54 55
57 58
79 81
42 44
43 44
39 40
6 7
67 69
67 68
49 51
