5
50
96
56
42
79
100
0 33
71 99
0 87
0 12
0 37
51 80
49 99
41 99
78 99
1 99
67 99
57 2
0 45
25 99
0 40
80 99
85 99
57 9
36 99
5 99
0 72
0 55
97 99
8 92
0 29
2 99
0 51
38 99
23 99
75 99
0 66
0 10
0 30
87 99
0 44
0 36
0 35
0 94
13 99
0 93
76 99
0 34
0 84
0 54
0 14
61 99
0 69
0 2
0 1
9 61
90 99
0 65
43 99
66 99
93 99
0 91
0 53
15 99
0 70
0 47
0 74
77 99
52 99
24 99
92 99
0 85
0 23
0 4
57 99
0 24
58 99
0 38
55 14
35 99
89 99
45 99
14 99
6 99
0 17
59 99
82 99
22 99
0 86
32 99
47 99
0 71
0 20
0 63
0 59
0 99
17 99
0 46
0 57
37 99
98 99
0 82
0 68
20 99
86 99
21 99
