5
18
53
13
65
51
100
21 49
14 20
9 68
26 20
11 8
28 21
60 39
62 99
70 47
64 71
84 92
17 36
29 39
0 9
50 75
38 20
32 50
32 78
38 71
69 50
41 71
37 69
10 23
37 77
40 22
36 19
63 90
49 35
28 32
41 73
16 72
60 76
52 71
59 29
95 88
63 40
60 17
59 94
60 52
38 41
27 20
22 71
60 85
60 64
22 96
31 37
63 95
22 73
47 20
38 63
1 90
61 35
66 88
87 93
66 70
60 31
87 45
81 90
44 34
29 36
66 8
93 39
75 20
93 19
42 71
93 36
42 72
95 30
55 64
68 75
93 7
56 45
68 87
56 34
56 4
54 11
21 12
93 21
95 55
54 76
44 81
22 44
84 78
84 57
90 35
2 59
24 45
86 69
68 54
2 44
2 30
4 50
85 74
82 78
40 46
85 37
85 40
95 68
97 59
97 41
