5
29
19
69
21
25
100
0 51
0 2
0 4
58 62
45 47
0 73
0 45
13 32
4 24
62 79
55 79
1 64
13 38
4 20
37 30
36 79
22 67
5 47
62 47
37 22
8 71
4 37
40 65
8 45
42 5
17 35
2 48
8 17
42 54
63 57
24 57
17 22
42 43
42 66
17 2
43 65
3 20
55 43
71 22
55 10
49 32
6 30
34 9
27 45
56 30
77 63
76 5
60 12
36 60
71 10
44 20
12 28
18 10
45 20
22 20
73 2
66 5
59 44
76 6
27 65
64 28
73 12
77 52
5 64
1 48
53 3
5 32
24 10
44 28
43 61
6 10
5 53
70 32
65 2
65 12
9 67
64 59
9 16
53 2
18 3
41 62
18 35
53 16
68 37
59 67
3 52
18 68
18 53
3 78
62 67
16 67
6 60
3 7
77 60
16 27
60 67
7 30
58 45
59 63
7 59
