5
98
38
49
62
80
100
0 43
0 66
0 54
0 35
29 88
48 99
20 11
0 10
21 99
0 67
65 69
0 89
0 26
0 53
0 65
0 57
0 12
0 64
11 99
66 99
0 14
0 85
24 67
88 99
93 99
58 41
0 34
71 92
0 23
54 99
67 99
55 99
32 99
36 99
43 23
8 99
89 99
13 99
70 99
9 70
63 99
15 99
74 99
43 82
21 64
68 34
34 64
60 64
82 64
70 64
20 64
22 64
53 64
12 64
55 64
48 64
33 64
10 64
76 64
52 64
60 39
55 39
23 39
28 39
88 39
35 66
20 39
40 75
72 39
35 27
82 39
10 57
75 39
70 15
76 39
12 39
52 39
15 39
54 57
28 57
48 57
44 57
21 57
13 57
14 57
5 57
70 57
67 57
90 57
87 57
26 29
87 85
40 96
60 29
46 85
3 66
65 29
50 85
40 93
56 93
