5
20
11
13
24
58
100
0 35
51 6
4 79
64 29
70 28
34 79
0 9
65 79
28 79
14 79
15 57
47 79
54 79
78 79
7 79
8 79
41 79
27 79
66 79
51 79
33 79
30 79
37 79
63 79
62 79
71 79
64 52
78 52
37 52
7 46
26 52
59 52
46 52
60 52
16 52
41 52
47 52
4 52
25 52
3 52
65 52
23 52
73 52
29 52
72 1
21 1
42 1
0 51
0 1
0 17
0 15
0 60
0 69
0 26
36 1
0 37
0 44
0 72
0 14
0 64
0 27
0 43
0 73
0 10
0 36
0 53
0 38
5 1
66 30
4 1
66 37
71 42
66 63
56 1
18 1
53 1
30 1
15 1
51 1
26 1
65 1
7 1
40 1
67 1
19 1
55 1
22 1
35 59
56 42
33 59
46 59
66 2
15 59
48 59
66 17
54 59
43 59
2 59
61 59
3 59
