5
4
95
3
2
96
100
1 89
1 67
98 99
53 97
1 7
1 93
1 27
1 86
1 70
1 81
1 61
1 50
1 75
1 40
87 97
10 97
53 98
85 97
89 97
92 97
60 97
35 97
53 46
53 67
19 97
53 87
65 97
53 43
53 75
49 97
90 97
53 85
53 12
53 70
53 56
53 47
64 97
53 89
53 72
53 69
48 97
53 35
53 92
25 97
53 44
53 61
53 90
62 97
53 28
53 76
53 63
29 97
53 42
53 7
73 51
73 9
73 44
73 92
73 50
67 97
18 97
74 97
88 97
81 97
90 54
78 97
73 69
23 97
31 97
73 90
73 61
27 97
75 97
93 97
17 97
73 42
54 97
9 97
50 97
73 8
84 70
90 70
45 70
73 77
82 70
73 67
61 70
73 23
73 60
73 55
24 70
94 70
52 70
98 70
73 41
75 70
73 21
73 91
73 64
71 70
