5
93
80
81
24
83
100
0 18
0 16
0 47
0 70
0 71
0 98
59 99
5 99
0 41
0 53
61 45
0 43
0 61
15 99
0 95
0 40
0 97
35 99
10 99
82 91
0 60
4 99
0 5
0 39
0 9
0 26
0 46
0 88
31 49
0 56
79 99
0 65
52 99
14 99
0 7
0 31
0 29
0 64
2 99
91 99
0 90
53 99
0 96
78 21
45 99
56 99
0 94
16 99
0 8
78 18
21 99
18 99
0 73
30 99
40 99
44 90
94 99
85 99
64 99
76 99
90 99
43 99
96 99
0 59
0 34
68 99
0 12
92 99
0 27
0 72
28 99
0 44
0 74
0 67
76 73
39 99
0 33
0 68
0 1
0 2
0 13
0 32
0 91
0 19
37 2
37 36
37 27
37 28
37 61
37 94
37 46
41 99
6 99
73 99
37 4
37 1
37 89
97 99
37 74
37 58
