5
92
22
48
60
29
100
54 38
0 95
21 8
21 32
7 38
3 38
82 38
80 67
83 88
37 6
37 36
37 72
33 26
86 88
33 66
65 88
33 18
33 80
34 2
76 52
96 51
96 57
96 35
40 5
25 75
40 4
40 14
40 1
40 93
40 50
41 2
4 2
7 2
36 2
26 2
85 73
3 36
77 43
35 43
58 36
35 76
77 8
56 36
77 35
77 54
77 7
24 80
90 36
24 69
82 41
32 36
82 64
41 43
64 43
82 86
82 1
93 66
10 57
90 58
90 46
53 66
90 41
76 17
44 66
32 50
34 50
57 15
20 80
35 54
86 71
98 80
62 80
59 80
20 51
26 4
51 4
61 4
17 4
51 8
98 8
41 74
20 57
6 74
20 69
28 74
20 95
16 98
53 98
81 61
13 30
93 44
9 44
57 53
30 31
44 95
57 6
87 68
20 41
64 42
46 68
