5
1
2
3
6
10
96
52 53
54 60
59 60
58 60
50 53
52 48
48 51
0 8
0 7
0 4
5 9
5 8
5 7
4 7
46 52
49 54
54 51
29 35
32 36
8 12
8 9
8 7
11 9
7 9
11 12
11 13
11 14
32 40
32 35
46 40
36 40
32 33
37 39
37 42
47 42
47 33
46 47
42 39
42 40
43 39
43 38
38 39
38 33
43 44
15 18
15 14
15 17
15 19
15 16
15 12
13 30
9 12
12 30
18 30
28 30
27 30
29 30
28 29
27 29
13 17
28 27
16 17
13 16
14 17
13 14
12 14
16 19
16 20
16 18
18 21
18 17
18 22
18 19
20 21
20 19
20 22
20 17
20 24
23 21
19 21
23 27
23 19
24 21
23 25
23 22
23 26
24 26
25 26
27 26
21 22
22 26
24 28
29 26
24 25
19 17
24 22
