5
41
89
29
4
58
100
51 92
0 2
68 92
0 19
0 23
0 71
6 92
0 26
0 60
76 92
42 92
0 92
81 92
0 6
61 92
23 92
90 92
0 9
0 68
0 73
60 92
3 92
11 92
0 57
42 79
0 67
0 63
0 43
0 18
0 42
40 92
36 92
79 92
0 14
30 92
13 92
26 92
24 92
0 75
57 92
38 92
17 92
46 66
0 80
30 84
21 92
88 92
0 40
5 92
0 3
0 50
62 92
0 31
84 92
0 52
0 79
0 35
44 92
0 33
74 92
64 92
66 92
39 92
15 92
71 92
0 82
2 92
31 92
0 28
0 11
0 37
65 92
78 92
0 77
47 92
0 83
19 92
0 56
43 92
82 92
72 92
28 92
12 92
0 59
27 92
69 92
22 92
18 92
0 45
8 92
67 92
87 92
10 92
0 44
0 90
0 24
0 78
0 81
37 92
0 7
