5
48
38
49
26
8
87
78 83
54 99
12 41
89 34
32 58
46 50
74 52
6 11
34 23
10 39
62 74
0 10
29 58
27 12
46 27
67 47
6 37
34 66
40 98
34 6
25 62
58 98
55 61
66 81
1 47
97 66
95 80
61 73
74 28
75 98
69 47
12 73
25 85
25 67
40 69
72 19
40 70
76 47
51 95
59 33
3 5
31 11
23 47
42 78
9 91
54 87
6 14
73 5
7 32
84 22
70 41
28 11
37 19
30 43
79 22
21 4
5 43
88 53
71 74
55 36
35 68
50 85
62 92
18 76
76 19
7 78
69 91
77 13
20 4
56 95
23 88
1 86
57 1
21 79
35 37
42 24
63 87
63 30
65 3
61 78
94 90
94 17
86 45
13 64
82 77
2 77
93 57
