5
90
47
70
85
44
100
6 99
0 66
0 5
0 29
82 99
55 99
0 31
58 99
0 49
24 99
69 99
0 53
95 99
60 99
22 99
48 99
0 99
93 99
66 99
74 99
61 99
0 97
0 58
0 51
0 76
0 88
71 99
0 34
0 18
0 71
0 55
0 19
98 99
0 36
0 75
0 74
0 57
0 20
0 50
63 99
0 72
0 87
38 99
0 60
0 81
30 99
0 54
51 99
0 62
0 92
28 99
61 27
1 17
1 87
23 99
1 18
20 99
75 99
56 99
1 61
1 5
79 57
23 95
45 57
1 86
1 7
1 51
37 57
1 2
45 95
18 57
31 57
13 57
23 57
95 57
91 57
51 57
21 57
19 57
1 68
1 31
66 57
36 57
1 64
46 57
96 57
61 57
24 57
1 93
1 14
1 56
1 50
78 57
38 57
40 57
39 57
34 57
32 57
42 29
1 62
