5
38
4
24
46
42
100
0 7
0 3
44 98
6 13
7 48
6 63
43 98
57 48
0 49
7 32
48 98
6 88
47 98
0 6
0 9
0 2
0 5
0 59
0 39
0 29
0 89
0 19
0 79
0 69
34 45
14 45
25 28
25 6
25 64
25 84
25 2
25 30
25 32
25 14
25 54
34 70
64 45
25 44
84 45
34 95
25 94
34 88
34 13
26 45
34 61
34 11
22 45
18 45
30 45
28 45
68 45
34 63
48 45
78 45
34 27
34 5
1 8
8 45
58 45
23 88
28 88
34 40
22 17
30 17
26 17
8 17
40 17
36 17
36 80
43 80
34 77
27 12
12 80
14 5
34 10
34 16
34 41
34 66
34 20
91 18
91 2
91 26
91 44
10 5
64 5
18 5
84 5
33 36
36 5
30 5
40 5
60 5
90 5
20 5
12 5
50 5
26 70
47 70
48 13
20 13
