5
97
2
42
52
36
100
0 13
0 5
0 98
0 32
23 99
85 99
0 54
0 29
0 11
0 93
0 81
0 8
89 4
0 63
22 99
9 99
0 23
0 59
18 99
44 99
0 51
55 99
0 31
0 38
49 99
34 99
4 99
32 99
39 99
54 99
15 99
41 99
71 99
86 99
0 27
72 99
29 99
0 35
0 75
0 78
0 58
0 84
0 95
16 99
27 99
83 99
50 47
69 99
48 99
0 10
24 99
50 99
47 99
0 9
96 99
0 26
12 99
25 10
0 99
0 56
28 99
90 99
0 25
0 49
35 99
10 99
0 65
0 19
0 88
0 68
79 99
45 99
73 99
94 99
0 34
13 99
0 7
93 99
6 99
0 48
0 37
0 20
38 99
0 3
21 99
76 99
62 99
80 99
91 99
1 99
5 99
0 87
0 53
82 99
14 99
0 90
0 21
67 99
0 66
0 74
