5
35
43
42
20
9
100
87 99
66 99
49 99
6 99
80 99
50 94
46 99
70 99
97 99
88 99
28 99
85 82
65 46
92 99
59 87
39 96
68 28
79 96
55 82
31 38
77 82
45 93
72 56
96 16
98 87
31 16
23 71
12 82
46 16
11 65
75 32
50 83
49 87
75 53
56 16
57 36
0 50
36 16
71 16
94 11
32 16
82 16
87 16
12 11
94 18
11 16
3 29
77 16
29 16
79 16
18 16
7 16
55 16
38 16
88 16
92 16
3 16
24 50
72 50
93 50
59 50
83 56
6 38
34 56
79 56
38 56
84 56
57 56
47 56
81 56
93 56
98 56
69 56
27 56
0 94
66 94
25 56
76 56
30 56
79 63
41 63
17 63
25 63
28 63
67 63
92 63
70 63
86 63
97 52
10 52
48 52
91 52
26 52
80 52
68 30
61 52
55 52
13 52
30 52
98 52
