5
23
84
75
4
72
100
14 98
18 98
0 71
0 60
0 21
91 98
59 98
0 7
0 22
0 61
26 29
0 6
92 98
96 98
0 25
90 98
17 98
5 98
0 48
63 60
0 43
0 58
0 76
65 98
6 98
0 26
18 55
0 28
9 98
46 98
10 15
97 71
0 56
0 89
0 17
10 98
0 79
38 98
0 33
0 3
0 18
0 35
0 15
0 95
0 30
0 42
0 91
77 98
32 21
68 98
81 27
50 98
0 82
0 83
48 98
0 96
0 74
2 15
0 54
61 98
91 21
85 98
7 98
87 98
27 98
8 98
0 53
0 29
60 98
0 94
0 1
0 49
0 14
0 34
0 81
0 92
0 44
0 59
60 15
28 98
0 31
0 45
0 70
0 40
0 90
0 41
94 98
83 98
0 10
93 98
0 78
0 80
29 98
0 37
36 95
0 16
0 11
0 55
0 2
0 62
