5
67
43
7
83
88
100
48 46
82 89
70 89
44 58
48 72
71 30
34 10
71 14
71 44
71 42
74 5
74 34
28 78
13 10
12 30
18 10
9 30
28 37
28 22
60 30
61 51
61 12
53 30
34 30
69 73
64 12
61 59
64 59
64 27
37 66
86 45
37 69
65 45
37 16
37 42
85 45
44 72
65 57
25 63
4 63
9 63
66 63
19 68
24 68
55 60
87 16
73 82
6 52
41 81
41 78
6 25
6 24
6 35
57 18
72 27
72 11
72 80
31 33
31 47
42 17
57 80
57 4
57 36
49 40
15 16
18 52
57 85
53 52
59 52
77 16
27 35
57 49
18 53
1 53
84 53
50 53
46 17
76 17
51 17
14 66
14 8
14 69
86 23
49 82
13 32
12 40
2 19
27 40
2 70
2 62
2 51
4 40
2 39
81 40
75 40
2 13
2 5
8 55
8 80
56 26
