5
72
32
29
26
16
100
0 14
0 93
0 66
0 53
0 61
0 36
0 18
90 99
0 17
70 99
0 60
0 13
0 95
0 48
0 84
0 46
80 99
47 99
0 9
41 99
0 20
0 3
0 86
0 76
69 99
0 91
0 57
0 99
0 45
8 99
0 55
0 15
0 47
0 59
0 80
64 99
0 24
33 99
0 25
0 94
54 99
0 79
0 35
22 99
0 11
56 99
74 99
0 4
86 99
0 82
0 69
0 38
23 99
0 40
9 99
15 99
84 99
77 99
4 99
0 10
58 99
0 75
0 22
0 87
50 99
59 99
67 99
41 2
13 99
61 28
88 99
40 99
28 99
2 99
36 99
38 99
92 99
0 30
0 1
79 99
0 50
81 99
18 99
21 99
7 48
48 99
49 99
0 27
93 99
0 41
34 99
68 99
66 99
42 99
5 99
98 99
62 99
75 99
0 90
30 99
