5
35
76
16
20
55
100
25 95
50 95
0 80
0 15
0 60
0 93
0 42
0 67
0 10
68 95
11 95
0 12
65 95
13 95
28 95
62 95
79 95
52 95
89 95
0 53
17 88
0 9
0 7
88 95
66 95
93 95
61 95
45 95
38 95
37 95
77 95
53 95
0 71
0 57
0 82
0 28
0 91
0 68
73 40
7 9
39 9
46 9
74 9
87 9
17 9
73 37
49 9
5 9
40 9
73 31
73 81
73 53
73 64
73 83
41 9
73 34
73 80
73 75
73 89
77 9
73 62
73 45
73 1
73 77
73 41
73 2
51 42
73 63
73 78
73 17
51 74
13 9
51 1
51 91
51 69
51 4
51 75
51 63
51 3
51 67
51 89
15 9
70 9
42 80
51 52
23 9
51 90
51 8
63 9
51 46
51 13
80 9
24 9
51 10
18 92
90 9
72 9
51 5
51 15
51 59
