5
52
48
31
39
51
100
50 99
4 99
0 5
8 99
26 99
23 99
70 42
40 20
7 58
2 99
0 37
87 70
0 44
20 99
91 68
62 84
87 65
26 84
72 40
67 35
2 73
0 7
67 68
40 21
15 27
0 69
84 68
10 75
1 35
27 68
35 68
70 68
0 86
0 34
79 29
0 26
98 65
8 2
13 29
79 33
0 13
0 62
0 54
0 66
0 96
12 73
12 66
82 17
71 68
32 38
72 19
79 13
2 58
27 14
43 65
72 87
85 42
9 14
72 86
72 73
17 68
83 58
70 65
59 66
83 29
65 68
47 68
14 68
74 44
22 53
72 77
75 54
72 90
38 68
53 68
34 68
78 58
84 58
82 32
82 86
36 58
77 58
34 58
33 86
90 62
27 49
88 58
49 58
17 14
16 14
74 14
33 69
30 14
94 14
41 87
25 43
32 69
82 83
88 87
21 87
