5
21
22
78
92
76
86
52 99
50 99
73 99
49 63
18 25
38 6
0 46
10 58
0 30
67 15
30 71
86 58
30 70
77 58
64 32
5 56
77 52
77 1
81 87
77 39
61 85
24 93
24 32
24 75
84 80
15 95
55 95
40 95
56 91
17 38
28 40
17 18
15 40
57 40
17 46
17 81
39 60
39 47
45 44
11 31
12 31
35 43
26 57
32 7
68 52
54 34
16 14
97 79
32 13
56 62
10 86
37 35
10 73
46 7
90 61
98 16
62 16
94 16
75 69
94 66
33 15
28 73
45 93
62 20
3 20
23 93
75 94
97 89
96 38
9 49
19 62
49 3
11 23
86 75
55 28
55 54
55 90
88 90
88 97
8 11
12 97
98 45
50 84
98 86
50 88
98 12
