0
100
0 79
0 2
31 52
3 36
78 79
77 79
55 52
0 3
1 79
52 50
7 50
0 64
1 72
66 2
2 60
66 53
27 4
78 72
3 72
60 72
0 15
0 26
0 66
32 72
70 72
0 24
4 64
67 54
0 49
1 64
54 64
0 25
13 64
0 74
2 61
1 49
65 49
25 66
19 66
51 66
0 73
0 34
31 1
0 37
48 73
75 73
2 73
1 73
67 73
16 73
0 42
4 73
47 73
11 73
2 63
3 63
19 63
1 63
0 53
41 63
4 63
1 22
53 22
58 71
0 18
70 4
27 62
0 17
0 30
1 4
33 3
0 71
0 44
31 13
65 4
19 2
1 18
30 4
0 46
43 3
76 71
62 4
18 4
0 33
0 48
39 4
0 70
0 35
58 2
23 4
69 70
0 69
16 2
2 17
51 4
37 38
0 14
0 77
0 19
0 20
