5
3
67
78
85
74
100
87 99
51 99
1 39
97 98
17 98
1 46
72 73
77 73
12 50
2 23
2 71
2 61
11 10
11 33
13 14
86 50
13 66
13 46
36 50
16 50
51 50
70 49
87 82
25 48
47 48
14 48
7 80
83 82
16 17
40 17
10 18
87 97
55 18
31 18
20 19
87 94
91 92
87 9
87 75
29 92
70 94
87 88
87 21
86 33
20 95
91 95
53 64
86 10
51 52
71 83
71 8
63 97
64 27
39 77
70 16
27 77
5 16
61 62
14 15
63 62
22 15
70 4
70 23
69 6
38 33
69 57
83 20
46 47
69 59
84 20
24 20
22 21
33 91
27 26
60 23
43 38
37 23
69 68
38 23
39 40
43 42
31 32
29 68
29 30
64 43
37 36
55 33
83 84
35 36
29 65
28 64
66 61
30 9
57 56
44 45
55 56
65 64
60 59
60 61
8 83
