5
61
29
37
38
53
100
0 47
23 44
0 78
0 74
0 82
0 71
0 76
0 13
0 31
0 36
0 33
0 23
0 21
0 1
0 69
0 57
68 55
68 21
68 62
68 67
68 65
68 4
68 27
68 30
68 52
68 73
68 42
68 43
68 48
68 69
68 8
12 13
68 50
68 28
68 14
44 82
77 12
77 31
55 54
77 47
80 82
56 82
77 78
77 64
77 72
74 82
24 82
77 20
74 72
62 13
77 26
77 41
23 82
77 55
77 66
1 72
77 73
77 17
77 3
16 82
41 82
50 82
77 23
77 74
77 69
77 34
77 63
77 46
77 11
77 51
77 4
77 50
71 6
81 82
77 70
77 43
77 67
76 21
76 59
76 48
72 82
13 82
54 82
75 82
1 82
21 82
7 82
78 82
22 64
71 64
66 64
24 64
76 23
76 17
42 64
56 64
76 74
20 64
76 35
76 65
