5
12
98
31
54
44
86
26 28
26 27
49 51
50 52
0 1
36 38
34 35
34 36
66 68
18 19
16 17
41 43
1 8
7 8
6 8
6 7
57 58
64 66
64 65
38 40
40 42
40 41
69 71
67 68
45 47
72 73
73 99
73 74
79 81
80 81
76 78
79 80
87 89
84 86
85 87
88 90
91 93
92 94
93 95
91 92
95 97
82 83
82 84
61 63
62 63
74 75
71 73
21 23
21 22
14 16
23 25
26 25
18 20
32 33
59 60
59 61
60 62
51 53
83 85
29 30
2 3
2 4
55 56
59 58
3 5
48 50
48 49
94 96
15 17
13 15
65 67
22 24
76 77
77 78
86 88
4 5
9 11
9 8
89 90
46 47
69 70
19 20
27 28
70 72
35 37
37 39
