5
87
58
34
28
45
100
41 93
0 15
48 93
33 93
7 93
70 93
89 93
90 93
22 65
78 93
47 93
42 93
20 93
4 93
6 93
3 93
5 93
89 61
53 93
29 93
68 93
70 43
7 43
21 39
54 88
42 19
17 42
0 62
0 70
0 18
74 82
0 48
82 43
74 43
74 85
27 43
88 43
25 43
39 43
24 29
66 43
81 43
68 43
74 54
30 43
18 43
55 43
79 43
62 43
4 43
51 43
77 43
19 66
74 47
0 73
44 66
0 41
0 50
0 88
0 35
2 29
0 4
46 3
0 80
0 89
0 21
0 1
0 74
36 2
36 25
36 46
36 27
36 63
36 55
36 49
36 17
36 48
36 16
36 67
36 84
36 24
36 23
74 50
74 41
74 52
74 73
74 3
74 29
74 63
74 59
74 9
42 62
42 4
42 39
42 5
42 15
42 72
42 51
42 61
42 68
