5
81
87
85
96
37
100
29 35
68 66
84 86
88 89
40 43
29 36
21 24
21 23
21 25
22 26
22 27
28 33
28 29
28 31
0 11
0 1
0 16
7 3
39 43
41 43
35 38
34 38
35 42
34 42
36 38
43 54
43 44
43 59
50 46
88 90
88 93
95 99
88 92
88 94
97 99
91 98
91 86
91 97
95 94
95 90
95 93
95 89
92 98
68 69
73 78
68 82
83 84
71 84
68 70
67 78
68 75
78 84
68 76
68 67
68 79
73 70
73 71
73 76
73 67
73 83
82 67
82 66
82 77
82 65
82 69
70 67
70 80
70 74
70 79
71 74
71 65
71 76
71 77
78 83
78 79
80 84
78 72
78 66
80 83
80 69
80 76
80 72
80 79
75 74
28 24
35 40
28 23
34 40
28 25
28 30
32 36
31 36
32 35
32 26
32 34
27 30
27 31
27 33
27 29
27 23
