5
65
49
32
35
4
100
0 67
0 98
0 57
0 1
0 77
43 99
0 56
60 57
19 52
60 82
11 67
60 38
12 99
60 19
60 94
87 10
56 44
87 7
60 95
24 68
66 16
7 55
60 93
6 99
33 78
3 16
57 99
12 56
18 99
83 99
84 72
44 72
66 91
8 99
92 52
75 67
52 67
26 67
71 67
55 97
84 62
12 66
12 31
12 96
12 84
40 81
12 7
12 88
12 40
72 8
16 13
77 29
45 28
44 45
79 10
75 8
79 41
44 83
44 27
44 43
44 86
44 79
59 96
22 17
48 41
34 28
34 55
8 13
22 59
34 48
10 13
38 19
29 97
22 34
96 13
86 31
69 41
11 97
91 19
86 3
22 86
47 58
39 48
91 90
2 68
22 54
22 10
22 39
71 34
19 53
68 6
70 97
53 97
76 36
6 97
13 97
21 97
77 28
20 28
38 28
