2
45
89
100
0 99
57 99
76 99
80 99
0 62
0 48
0 25
0 72
0 35
0 65
0 27
0 61
0 21
0 55
0 73
0 94
44 99
58 99
33 87
0 41
59 99
0 15
8 99
56 99
0 91
73 99
15 99
87 99
38 99
20 99
0 54
5 62
0 67
69 99
0 97
0 92
0 14
0 81
0 16
0 10
12 99
7 99
41 99
62 99
81 99
0 70
79 78
0 2
0 98
48 99
0 3
0 71
60 42
0 23
0 79
0 90
0 77
0 47
67 99
0 88
6 99
13 99
4 99
0 12
0 49
0 80
0 37
0 38
42 99
0 57
0 30
0 84
78 99
0 63
0 13
0 50
0 83
0 60
0 17
0 36
0 59
0 43
46 51
0 26
0 53
0 52
40 99
96 99
0 46
0 56
31 99
0 76
75 3
0 66
0 68
75 61
0 4
49 99
0 69
84 99
