5
16
71
21
23
36
100
0 17
85 99
0 82
11 99
1 99
25 99
50 99
93 99
75 99
64 99
54 99
9 99
18 99
0 65
66 28
13 99
31 99
77 99
24 99
0 14
41 99
0 27
74 59
62 99
45 9
59 99
0 92
4 99
69 99
27 99
14 99
55 99
92 99
19 99
45 99
3 99
0 91
72 99
87 99
0 94
0 81
0 47
0 57
0 39
66 99
0 80
0 96
0 58
0 29
33 99
0 99
8 99
0 87
90 99
10 99
0 33
0 45
0 9
0 10
0 72
0 3
0 67
7 99
0 90
29 20
48 65
0 49
0 35
0 64
0 4
0 79
0 42
0 43
0 19
0 48
0 50
70 99
65 99
8 81
89 99
20 99
76 99
0 85
73 1
79 99
81 99
0 59
68 99
28 99
53 99
32 99
82 99
0 61
0 22
83 99
58 99
74 99
0 13
26 99
0 24
