5
90
21
35
31
45
100
75 99
28 42
0 93
0 87
78 99
0 52
0 7
0 32
42 99
38 99
0 86
0 61
0 69
0 79
18 99
0 23
92 99
39 99
0 54
0 99
73 99
33 99
7 99
0 19
54 99
0 24
0 14
0 84
20 99
97 99
80 99
64 99
40 99
0 71
0 88
0 59
0 72
0 91
0 25
22 53
0 20
24 99
0 47
65 99
0 77
16 99
0 4
0 57
2 99
0 22
89 99
5 99
70 99
53 99
28 99
87 99
96 99
26 99
74 99
93 99
91 99
34 99
41 99
25 52
79 99
32 99
0 58
52 99
27 99
47 99
57 99
59 99
55 99
14 99
81 99
61 99
71 99
10 99
0 37
62 99
0 98
0 3
46 51
0 30
15 99
0 17
0 33
0 65
0 67
0 49
88 99
0 34
0 81
0 39
0 12
0 50
13 99
60 99
0 83
51 99
