5
55
62
74
78
53
100
29 24
25 99
94 4
45 4
19 99
45 24
24 99
75 59
72 99
40 99
75 86
4 99
23 99
70 99
42 99
49 99
59 99
76 99
7 99
15 99
21 99
48 99
28 99
33 99
2 99
91 99
50 99
87 99
88 99
65 99
41 99
11 99
34 99
82 99
20 99
54 99
63 99
77 99
58 99
71 99
22 99
67 99
18 99
16 99
27 99
29 99
37 99
90 99
85 99
8 99
63 56
70 56
95 56
61 56
24 56
37 56
54 56
4 56
94 56
33 56
90 56
50 56
80 56
84 56
7 56
67 56
48 56
15 56
49 56
85 56
72 56
10 56
38 56
9 56
26 56
57 56
0 56
64 56
41 56
96 56
65 56
69 56
3 56
16 56
43 56
76 56
18 56
20 56
35 56
87 56
58 56
36 59
19 59
92 59
95 59
42 59
27 59
10 59
0 59
26 59
