5
56
3
38
33
49
100
0 21
0 13
0 26
0 40
0 2
0 34
0 50
0 44
0 16
0 6
0 32
0 28
0 47
0 29
0 37
0 14
0 22
0 27
0 59
0 5
0 36
0 58
0 45
0 31
0 54
0 51
0 15
0 9
0 4
0 46
0 30
0 48
0 12
0 17
0 18
0 43
0 7
0 8
0 39
0 23
0 55
0 41
0 35
0 24
0 19
0 20
0 52
44 59
8 59
5 59
4 59
9 59
52 59
26 59
40 59
41 59
57 59
37 59
48 59
16 59
28 59
55 59
6 59
42 59
45 59
30 59
13 59
7 59
2 59
10 59
34 59
39 59
11 59
15 59
36 59
23 59
29 59
43 59
32 59
31 59
17 59
51 59
27 59
53 59
47 59
22 59
35 59
54 59
19 59
25 59
18 59
14 59
12 59
50 59
21 59
24 59
8 53
53 1
46 1
37 1
