5
43
68
19
63
17
100
0 80
0 21
0 31
3 99
0 7
34 99
6 99
0 57
0 13
34 2
12 99
11 99
0 89
0 36
0 60
0 5
46 99
0 40
0 88
97 99
0 59
0 62
0 33
48 52
45 93
2 99
10 99
29 56
0 61
89 58
0 94
93 99
0 45
95 99
0 54
10 56
0 70
0 46
0 51
58 99
52 99
0 3
72 99
0 10
0 41
0 81
0 28
0 65
0 86
0 72
0 73
0 6
56 99
96 99
0 58
0 85
0 55
0 39
0 1
42 99
0 83
0 93
0 30
0 42
64 99
0 27
0 97
23 99
0 75
0 47
69 99
92 99
0 99
13 99
0 98
54 99
0 67
36 99
31 99
0 56
5 99
42 41
71 99
37 99
15 99
0 12
0 34
53 29
0 25
41 99
40 18
0 11
0 35
90 99
0 53
14 99
80 99
59 99
28 99
98 99
