5
18
8
50
32
46
100
95 99
0 71
88 99
0 13
0 84
0 99
60 99
86 99
0 48
64 99
0 4
0 74
0 85
0 58
66 99
10 99
23 99
56 99
0 60
0 94
13 99
68 99
0 52
0 40
37 99
85 99
0 43
0 73
27 99
0 9
0 55
0 83
69 99
12 99
0 95
0 39
49 17
0 59
48 99
0 89
0 87
28 99
0 82
9 99
83 99
4 99
61 99
7 92
3 99
0 35
20 99
78 99
53 99
0 27
59 99
55 99
58 99
54 99
0 34
89 99
67 99
87 99
0 65
0 41
0 21
0 19
0 77
0 63
0 26
0 11
31 99
42 99
0 68
0 54
1 99
0 56
0 75
0 86
36 99
26 99
49 99
0 62
0 81
0 64
76 99
0 79
0 90
91 99
0 70
57 99
0 93
94 99
0 2
0 69
0 25
0 37
0 57
17 99
38 99
22 99
