5
7
47
49
66
62
100
0 85
0 45
54 96
57 96
0 86
10 89
0 25
0 64
0 50
0 57
0 70
0 95
14 96
0 48
27 96
34 96
0 13
0 82
89 96
29 96
0 60
0 73
0 28
82 33
0 14
50 96
45 96
77 96
33 96
41 96
0 53
63 96
8 96
70 96
20 96
60 96
32 96
69 96
0 11
0 93
53 96
0 92
0 75
0 32
0 26
0 12
0 54
0 22
0 69
0 5
0 24
0 2
0 35
0 8
0 81
19 96
0 20
0 44
0 79
0 52
16 96
0 63
0 55
0 17
88 96
0 80
0 87
0 36
0 18
0 16
0 96
0 42
0 37
0 38
0 19
0 61
0 9
0 90
0 41
0 77
0 76
0 84
52 60
21 96
28 96
35 64
85 96
35 96
23 96
0 1
64 96
0 10
0 56
0 71
0 72
9 96
83 96
0 4
12 96
42 96
