5
86
57
56
60
69
100
74 99
96 99
59 99
64 99
7 99
0 37
0 73
0 95
0 82
0 75
48 99
80 52
0 3
58 99
21 99
81 52
49 52
59 76
48 52
92 84
46 52
29 52
92 3
92 33
92 36
92 79
92 88
92 96
92 7
92 53
92 13
92 95
79 52
17 52
41 52
92 72
36 52
19 52
74 84
97 84
92 24
92 67
92 5
32 84
92 17
77 84
1 97
1 78
1 95
1 8
1 71
1 13
1 77
1 30
1 6
62 84
10 84
42 22
68 84
42 24
42 12
42 85
42 44
42 58
42 72
42 10
16 84
78 84
42 40
80 84
17 84
12 84
42 27
20 40
42 39
42 31
42 23
95 5
42 95
80 35
80 95
80 37
80 78
64 40
80 73
80 38
61 40
80 28
80 88
76 40
80 8
27 34
94 40
80 68
80 32
91 40
90 40
80 64
17 40
80 59
