5
69
81
22
62
78
100
0 5
0 83
0 90
0 17
0 27
0 75
33 99
0 65
19 5
41 99
0 82
73 37
71 99
0 32
0 63
0 7
9 99
0 79
34 99
0 28
0 89
0 19
38 99
0 60
0 53
0 88
0 42
75 99
0 92
0 14
5 99
0 58
0 91
0 96
0 11
94 99
0 57
0 9
49 99
0 3
0 10
0 87
85 99
0 26
0 98
0 49
54 99
73 99
0 4
0 36
51 99
0 23
0 6
0 54
0 50
53 99
35 99
84 99
86 99
0 12
70 99
88 99
66 99
76 99
0 18
0 76
61 99
42 99
43 99
28 99
27 99
0 56
0 84
0 99
0 44
0 74
59 99
37 99
2 99
0 61
95 99
96 99
12 99
0 40
0 52
0 45
0 21
0 73
0 37
0 24
30 99
14 99
94 23
0 55
18 99
87 99
44 99
23 99
58 99
39 99
