5
51
38
28
36
20
100
50 53
14 49
0 17
0 2
0 22
7 49
0 40
41 49
9 49
0 44
16 49
0 14
22 49
0 26
33 49
0 7
42 49
6 49
8 49
27 49
0 11
0 37
31 49
0 49
2 49
18 11
40 49
4 49
11 49
1 49
25 49
39 49
0 34
0 30
0 10
0 8
0 27
0 16
0 29
13 49
0 19
18 49
44 49
47 49
0 48
15 49
0 21
0 31
12 9
0 32
0 12
0 6
0 18
0 13
0 5
19 49
0 33
48 49
43 49
34 49
10 49
26 49
0 35
0 42
0 41
0 43
12 49
24 49
1 17
0 9
0 24
31 3
0 39
0 1
0 46
0 4
0 25
0 23
0 47
0 45
3 49
0 15
3 17
3 7
40 9
3 5
17 49
3 23
3 40
3 27
3 42
3 35
3 41
3 47
3 24
3 30
3 25
3 6
3 43
29 49
