5
13
35
57
44
14
100
0 16
40 60
59 60
0 9
11 60
0 2
0 36
0 21
0 50
22 15
22 48
22 31
22 34
22 16
22 55
22 42
22 25
22 17
22 45
22 46
22 39
22 38
22 18
22 9
22 58
22 7
22 36
22 4
22 28
22 41
22 56
22 23
22 54
22 51
22 37
22 6
22 3
22 8
22 24
22 20
22 10
22 21
22 33
22 2
22 52
22 40
22 30
22 27
22 59
22 43
22 32
22 26
22 50
22 11
22 1
22 53
22 29
22 49
22 19
22 12
22 5
47 15
47 31
47 45
47 2
47 43
47 23
47 59
47 38
47 41
47 9
47 7
47 6
47 51
47 58
47 34
47 16
47 25
47 46
47 29
47 10
47 55
47 48
47 53
47 39
47 17
47 52
47 3
47 49
47 21
47 24
47 37
47 40
47 8
47 36
47 30
47 4
47 18
47 42
47 54
