3
18
13
68
100
0 99
0 29
0 84
6 99
12 99
76 99
0 33
70 99
0 73
0 77
0 20
0 38
43 99
0 36
0 67
0 53
0 21
0 87
0 71
61 99
51 99
0 26
77 99
16 99
0 62
17 99
84 99
0 44
0 8
0 78
0 49
0 63
11 99
0 23
0 57
74 36
0 66
27 99
0 88
0 37
0 96
48 99
42 99
72 22
90 87
75 99
0 74
0 43
0 61
0 19
0 80
0 16
73 99
0 9
78 99
21 99
0 32
36 99
90 99
23 99
0 10
0 51
0 70
0 7
0 93
0 41
0 25
0 92
0 45
0 12
0 56
0 5
0 95
87 99
0 30
47 99
34 99
0 72
2 99
0 39
0 55
0 58
0 40
0 48
19 99
0 28
0 54
0 50
0 90
0 42
0 82
0 24
0 65
0 86
62 99
0 94
0 46
0 89
5 99
0 91
