5
63
4
87
88
95
100
0 14
0 61
0 19
0 26
86 99
0 94
0 24
53 99
0 91
0 46
0 27
43 5
43 62
92 99
59 99
21 99
43 37
43 7
49 42
12 99
43 81
66 99
56 99
46 99
43 61
43 91
29 99
43 35
43 60
83 99
43 15
43 92
43 83
43 90
30 99
77 99
12 16
12 44
12 1
12 66
12 51
12 3
42 99
75 99
12 54
81 99
12 86
12 18
96 99
60 52
29 98
19 52
84 52
29 22
58 52
29 74
39 52
29 75
22 52
81 52
9 52
18 65
7 30
75 65
40 65
29 25
29 38
80 65
30 65
69 65
3 65
11 65
34 65
49 65
29 96
29 77
29 67
29 82
79 54
91 54
16 18
29 72
67 54
29 81
29 32
29 93
29 47
90 53
38 54
90 47
18 54
28 54
37 54
62 54
66 54
29 19
59 54
44 54
64 54
84 90
