5
72
15
21
38
62
100
0 79
37 82
54 82
60 82
0 13
52 82
18 82
0 4
0 12
0 54
73 82
0 7
17 82
0 34
35 82
0 1
0 29
0 74
0 10
0 55
0 8
0 43
70 82
47 26
22 23
47 79
4 82
47 42
3 66
14 82
26 82
3 54
51 82
47 41
47 64
47 20
47 10
47 7
47 57
47 1
2 82
47 75
47 81
23 82
37 54
47 43
47 37
47 69
47 39
74 43
55 19
74 37
74 44
74 36
74 55
53 82
71 82
77 82
74 12
42 82
63 82
74 33
44 82
3 7
74 69
63 48
74 16
74 41
13 82
74 35
74 32
6 82
74 50
74 52
64 82
57 82
74 51
33 82
67 82
74 10
35 9
31 9
37 9
71 66
74 6
74 46
58 26
74 7
61 9
74 71
74 13
74 57
3 61
3 41
26 9
3 31
3 46
3 71
3 60
66 9
