5
17
52
40
51
28
100
5 50
0 15
0 21
0 47
31 47
0 8
0 10
0 44
0 9
0 5
0 11
0 46
0 45
0 23
0 19
0 36
0 35
0 18
0 24
0 42
0 20
0 14
0 33
0 41
0 13
0 48
0 25
0 34
0 22
0 12
0 16
0 43
0 7
0 39
41 19
8 19
21 41
4 34
26 54
49 21
34 54
18 54
25 54
14 54
29 54
19 54
41 12
49 1
20 54
38 54
33 54
11 54
6 54
10 54
35 54
46 54
22 54
43 54
27 54
8 54
5 54
32 54
49 54
47 54
44 54
23 54
21 54
42 54
45 54
1 54
48 54
16 54
50 54
12 54
2 54
15 54
36 54
53 54
48 30
53 30
47 30
50 30
24 30
6 30
31 30
19 30
46 30
42 30
16 30
10 30
49 30
7 30
14 30
1 30
5 30
25 30
45 30
9 30
18 30
43 30
