5
49
14
39
51
63
100
0 13
0 12
0 36
0 29
0 22
0 73
0 18
0 62
0 16
0 40
0 10
0 79
0 35
0 34
0 24
0 80
0 23
0 56
0 8
0 53
0 59
0 55
0 33
0 64
0 42
0 11
0 4
74 11
74 4
74 59
74 24
74 50
74 43
74 44
74 56
74 77
74 62
74 61
74 34
74 15
74 53
74 72
74 37
74 76
74 81
74 17
74 83
74 64
74 66
74 55
74 52
74 57
74 46
74 73
74 80
74 65
74 20
71 84
71 25
4 72
71 28
71 55
71 13
71 37
71 65
71 24
71 21
71 8
71 73
71 76
71 44
71 12
71 29
71 20
71 22
71 11
71 5
71 78
71 7
71 52
71 70
71 64
71 57
71 38
71 23
71 69
71 40
71 56
71 53
71 45
33 65
33 5
33 77
23 84
33 84
33 13
33 61
33 68
33 67
33 47
