5
71
14
22
34
62
100
61 26
64 55
83 26
29 65
75 65
17 99
44 99
80 99
76 99
64 99
21 99
6 99
30 99
79 99
4 99
51 99
42 99
41 84
84 43
48 11
81 23
79 23
57 23
43 23
61 23
78 15
85 23
15 89
0 23
68 23
93 23
28 23
16 23
27 23
16 5
19 5
53 5
4 5
15 5
79 5
35 5
38 5
79 47
48 81
79 30
61 36
72 81
47 81
0 81
1 81
63 81
64 81
31 81
94 81
29 81
59 81
75 61
10 61
80 61
8 61
16 61
97 61
83 61
15 61
82 51
24 61
31 51
89 51
0 2
48 41
0 64
30 51
3 51
24 51
36 51
90 21
65 51
29 51
0 48
54 51
37 51
32 51
35 21
67 21
54 21
96 46
46 21
79 21
11 21
65 21
87 21
13 67
65 76
73 39
11 79
80 12
79 19
54 39
76 39
19 39
