5
4
1
5
98
97
100
55 95
95 99
0 2
3 55
96 99
70 94
79 94
91 94
55 59
55 70
55 96
3 30
6 55
3 16
69 94
55 62
75 68
55 81
55 85
55 73
61 94
68 94
55 83
55 75
86 94
55 88
55 61
55 94
78 94
55 64
55 72
55 78
68 84
55 58
55 77
55 68
55 66
55 71
88 94
55 87
55 56
55 67
55 57
55 92
55 80
55 93
55 69
55 76
55 82
55 84
55 89
72 94
55 63
87 89
84 94
55 60
55 74
55 65
55 91
55 90
89 94
83 76
55 86
79 88
79 60
79 57
79 83
79 73
77 94
79 90
76 94
75 94
79 68
79 89
81 56
79 77
79 95
79 92
79 71
74 94
60 94
66 94
76 63
79 84
81 94
79 76
79 61
79 74
87 94
63 94
79 67
79 62
69 57
56 94
79 75
79 86
79 69
92 94
62 94
79 91
