3
16
79
5
100
0 99
38 99
33 99
60 99
53 99
0 21
98 99
14 99
0 66
0 61
0 23
0 74
37 99
21 99
63 99
23 99
28 99
0 70
0 48
0 12
0 95
0 69
87 99
93 99
65 99
9 99
0 98
0 78
13 99
0 33
88 99
0 4
29 99
0 58
0 17
59 99
52 1
0 68
41 99
0 92
0 81
80 99
0 62
0 80
58 99
0 39
48 99
1 99
0 96
0 63
43 99
97 99
74 99
51 99
4 99
22 99
94 99
0 47
85 99
81 99
66 99
0 8
82 99
72 99
12 99
68 99
11 99
77 99
92 99
0 37
0 87
0 2
47 99
0 49
0 89
0 20
0 91
0 75
0 64
0 32
0 6
0 88
0 29
0 22
0 19
55 99
17 99
0 65
0 35
0 26
0 9
0 43
0 55
25 99
0 44
0 59
0 40
0 11
69 99
90 99
