5
83
16
60
82
32
100
0 66
0 4
19 68
0 53
0 92
0 10
0 12
0 55
0 57
0 87
0 36
0 90
0 45
0 74
0 11
0 95
0 50
0 75
0 93
0 13
0 24
0 78
0 6
0 34
0 22
0 56
0 65
0 5
0 49
0 71
0 73
0 80
0 47
0 51
0 76
0 67
0 89
0 33
0 21
0 31
0 58
0 2
0 77
0 52
0 29
0 91
0 23
0 41
0 39
0 26
0 64
0 85
0 9
0 18
0 1
0 88
0 46
0 15
0 40
0 79
0 48
0 72
0 86
0 25
0 38
0 17
0 59
0 42
0 43
0 62
0 68
0 54
0 8
0 94
0 14
0 28
0 44
0 30
0 35
0 69
0 61
0 3
0 7
39 42
49 95
30 95
59 95
84 95
36 95
31 95
76 95
74 95
73 95
92 95
44 95
1 95
71 95
20 95
56 95
77 95
