5
25
84
5
2
65
100
23 71
77 93
86 85
42 93
55 93
26 93
49 33
90 93
57 93
81 93
21 93
62 93
69 93
82 93
4 93
54 93
43 93
8 93
76 93
22 93
23 93
41 29
52 93
86 93
41 93
11 93
14 93
39 93
59 93
92 93
70 93
66 93
28 93
47 48
23 92
85 14
49 19
23 41
30 23
33 14
14 19
55 19
10 22
20 24
49 41
68 27
22 19
16 19
27 24
24 19
73 19
22 83
76 19
85 19
6 19
83 19
17 19
70 19
63 19
80 19
41 19
66 19
92 19
8 19
67 19
46 19
39 19
3 19
13 19
38 19
29 19
72 19
33 19
81 19
15 19
45 19
28 19
7 27
73 27
40 27
51 27
79 27
44 27
80 27
74 27
9 27
15 27
3 27
75 27
62 27
82 27
70 27
11 27
20 27
12 27
47 27
18 27
32 27
81 27
69 27
