5
81
35
54
11
89
100
0 46
0 48
41 93
1 93
0 76
0 24
0 93
65 93
18 93
0 42
2 93
0 23
0 43
56 93
86 93
4 93
0 25
0 71
51 93
62 93
32 93
53 93
46 93
57 93
20 93
70 93
75 93
87 93
26 93
0 8
0 17
0 83
0 52
0 64
77 93
43 93
0 90
92 93
59 29
0 61
0 57
0 22
0 40
67 93
0 70
0 65
0 80
0 78
8 93
29 93
12 93
17 93
50 93
56 52
49 52
8 52
39 52
57 52
2 52
24 52
79 52
16 52
18 52
59 52
0 41
27 52
30 52
75 52
10 52
62 52
74 52
83 52
0 85
0 14
36 60
48 52
36 80
61 52
70 52
36 2
41 52
36 26
36 91
36 72
36 55
36 4
36 32
36 61
36 29
36 79
36 22
74 26
36 38
34 76
92 52
20 52
36 33
36 74
36 34
78 52
