5
25
67
17
78
56
100
0 62
0 49
0 41
0 20
0 36
75 81
0 33
0 23
5 49
0 29
44 81
24 5
65 55
48 81
24 66
55 81
24 53
21 81
24 12
65 81
24 2
77 79
24 38
72 81
16 79
24 23
24 63
74 79
15 79
61 1
24 4
24 54
61 66
61 54
37 79
61 21
11 79
11 43
61 18
61 8
61 20
60 79
61 37
3 79
12 79
27 79
61 76
61 5
21 79
61 75
43 46
47 79
64 79
43 3
30 79
29 79
43 59
42 10
43 60
33 79
43 77
44 1
43 75
43 72
43 21
43 64
73 79
43 45
43 52
43 34
10 79
68 1
30 1
2 1
43 27
58 52
37 1
31 70
31 1
31 19
31 50
31 69
31 9
31 55
21 52
11 1
31 64
41 1
52 1
48 76
74 1
48 36
48 38
30 26
48 46
48 29
48 23
48 3
48 45
44 26
