5
1
6
44
50
60
100
80 99
42 99
0 71
76 62
47 52
72 99
88 99
33 25
25 99
75 99
53 99
49 99
0 31
2 99
9 99
15 99
89 81
82 99
87 99
34 99
66 99
0 64
0 17
0 61
0 13
13 28
68 99
73 99
83 99
35 99
84 99
38 99
86 99
43 99
10 99
20 99
79 99
62 99
52 99
85 99
12 99
98 99
27 99
71 99
92 99
90 99
39 99
24 99
95 99
56 99
31 99
67 99
63 99
13 16
0 87
0 98
0 28
0 89
0 92
0 94
0 51
0 3
0 88
0 12
0 80
0 29
0 54
0 41
0 58
0 11
0 79
0 55
0 40
0 59
0 43
0 68
0 30
0 67
0 95
0 69
0 45
0 90
0 32
0 8
0 4
0 91
0 83
0 33
0 93
36 55
56 59
88 52
65 7
42 98
20 19
4 88
65 20
4 15
85 38
38 16
