5
61
85
67
11
79
100
93 99
19 99
49 99
82 99
22 99
52 16
62 99
26 99
69 99
58 99
13 99
63 99
64 99
56 99
30 99
68 99
57 99
75 99
23 99
46 99
90 99
50 99
88 99
6 99
77 99
1 99
53 99
34 99
72 99
87 99
89 99
83 99
66 99
27 99
36 99
17 99
4 99
47 99
86 99
42 99
9 99
41 99
98 99
70 99
97 99
15 99
80 99
81 99
48 99
35 99
43 99
32 99
44 99
0 34
0 57
7 60
0 7
0 30
0 9
0 46
0 35
0 8
0 33
10 63
0 17
76 65
39 1
43 39
0 43
0 44
20 18
0 25
0 97
0 95
0 29
86 2
55 68
76 33
0 28
0 81
0 1
0 65
0 53
0 52
0 19
0 5
0 69
0 80
0 62
0 23
0 89
0 6
0 83
0 64
0 37
0 18
0 12
0 71
0 42
0 77
