5
42
23
75
40
92
84
55 37
55 36
55 44
55 5
55 20
24 6
56 25
10 26
79 39
10 91
94 14
94 60
94 71
44 49
44 51
89 34
36 50
36 87
58 81
58 41
58 17
12 37
81 71
81 74
15 99
81 64
39 99
63 99
86 99
53 45
62 99
53 29
1 99
53 8
5 77
46 52
95 68
29 22
8 66
86 84
68 17
34 3
4 3
43 3
8 68
14 88
27 33
93 87
62 34
13 95
61 50
2 29
46 60
97 15
5 64
82 63
19 80
51 25
72 96
72 49
62 25
72 93
72 73
60 79
1 27
54 70
54 21
93 73
64 91
51 98
13 80
4 65
13 62
86 52
14 65
28 69
43 31
4 2
67 80
67 47
39 97
45 32
6 76
27 9
