5
1
55
87
93
86
100
91 99
95 99
96 99
98 99
90 99
97 99
92 99
0 8
0 2
0 10
0 7
0 9
0 3
0 6
0 5
89 94
85 94
81 94
84 94
88 94
4 17
83 94
4 13
96 82
4 18
4 16
4 11
4 15
4 14
4 12
5 18
4 20
67 72
71 82
83 80
66 80
61 72
72 82
73 82
69 76
80 82
67 79
69 75
61 76
76 82
78 82
75 82
79 82
74 82
91 82
92 82
90 82
77 82
95 82
97 82
88 98
81 98
89 98
85 98
83 98
76 84
88 97
85 80
68 78
80 84
78 84
77 84
75 84
96 84
72 84
91 84
74 84
79 84
90 84
97 84
73 84
92 84
71 84
85 95
88 95
81 95
83 95
74 89
83 91
91 89
79 89
80 89
96 89
76 89
73 89
77 89
75 89
72 89
78 89
71 89
92 89
90 89
81 97
83 97
73 85
