5
88
55
85
76
46
100
0 21
45 99
0 10
0 4
0 13
38 99
0 43
32 99
0 53
0 6
31 99
0 14
0 72
0 66
89 99
29 99
0 3
0 75
30 99
61 99
10 99
86 99
0 42
34 99
9 99
51 99
0 80
0 49
0 1
0 19
16 99
54 99
0 23
4 99
0 22
0 18
0 38
6 25
75 99
60 99
0 8
87 99
25 99
0 20
0 79
14 99
0 82
0 17
59 99
0 27
83 33
0 99
12 42
11 99
66 99
0 39
47 99
0 50
0 83
0 37
0 87
0 44
0 59
0 78
21 99
47 1
0 57
36 99
0 7
0 89
0 94
53 71
40 99
0 98
56 99
81 99
0 47
57 99
0 35
1 99
77 14
0 95
0 68
0 45
0 12
49 99
0 92
0 58
0 28
0 77
0 52
71 99
0 69
0 70
42 99
0 67
39 99
0 30
0 56
0 97
