5
51
84
22
79
77
84
0 37
72 95
0 65
45 42
78 7
78 75
3 85
8 82
29 82
26 70
26 86
60 63
60 64
66 73
57 4
38 72
6 93
47 93
34 81
34 39
86 74
61 73
54 20
61 49
59 21
59 3
6 18
2 20
1 25
68 25
41 87
89 5
89 17
69 57
70 87
23 81
27 56
14 19
14 53
62 39
32 36
88 48
83 23
83 28
74 56
88 24
63 68
37 28
55 11
80 75
46 71
43 11
10 69
64 33
46 40
58 1
58 19
12 17
8 33
30 97
47 67
43 90
12 5
92 50
94 27
44 41
9 75
52 92
76 64
29 44
7 31
48 30
98 52
98 31
90 13
42 53
13 91
94 15
96 15
49 31
96 30
18 47
10 9
80 71
