5
36
30
49
87
85
100
40 99
59 99
83 99
88 99
54 80
57 98
76 66
66 2
2 98
43 74
89 98
74 91
86 98
52 42
32 93
8 47
47 98
71 3
5 18
27 2
42 98
3 98
51 98
54 73
48 18
59 5
54 70
16 20
25 28
28 18
83 5
51 62
81 62
14 5
76 72
54 53
39 5
60 22
0 54
32 94
32 56
64 5
74 46
40 18
71 72
31 72
64 72
43 76
40 72
0 43
59 35
76 9
0 32
70 3
9 72
19 72
0 59
19 86
91 86
63 86
59 86
59 81
88 81
94 96
29 96
24 35
73 69
0 16
63 70
10 68
64 68
61 8
10 51
14 68
0 6
3 9
10 42
80 68
0 63
29 90
80 77
38 27
93 68
0 29
0 10
0 74
64 82
64 90
41 77
11 53
64 28
67 77
67 35
69 96
23 9
17 51
48 73
67 9
64 1
4 96
