5
12
33
59
97
53
100
64 99
82 85
46 99
82 30
68 67
9 67
22 67
11 46
92 73
26 73
23 18
16 73
23 43
23 31
86 45
75 45
35 45
70 34
47 39
92 56
76 32
70 28
70 63
92 57
52 39
32 39
1 43
64 19
2 19
1 7
1 78
65 22
65 81
65 7
93 66
16 19
79 38
93 24
58 38
93 91
49 95
17 38
9 89
36 89
62 8
69 58
2 58
17 24
49 37
49 52
94 16
94 31
83 24
94 43
44 34
78 34
41 95
31 63
71 63
9 8
83 8
25 28
74 28
41 7
41 98
42 15
50 15
64 15
98 6
30 6
52 27
74 6
80 69
22 62
72 69
90 71
87 40
60 40
68 85
48 40
77 11
95 11
20 84
20 21
20 77
54 96
91 96
79 84
10 96
79 90
54 87
54 25
26 55
26 44
18 86
88 80
61 14
61 51
56 37
56 50
