5
22
10
61
83
25
100
84 95
0 72
0 27
9 95
0 46
0 58
67 95
0 2
12 95
0 21
0 47
0 53
0 67
0 57
91 95
0 51
0 86
70 95
0 90
44 95
80 95
0 69
0 95
88 95
53 95
27 95
5 95
0 82
72 95
56 95
82 95
0 74
0 78
0 24
45 95
0 94
0 14
66 95
0 88
93 95
74 95
81 95
17 95
52 95
14 95
28 95
0 39
0 7
40 95
0 80
71 95
0 42
18 95
48 95
0 9
0 6
0 15
0 12
0 11
0 18
0 28
86 95
0 13
0 63
0 71
0 1
49 95
0 56
2 95
85 95
0 17
16 95
0 5
7 95
0 19
0 26
63 95
0 48
0 70
0 79
0 4
0 45
0 77
0 75
37 95
94 95
0 44
21 95
0 30
26 95
19 95
62 1
64 95
0 55
11 95
2 79
0 66
0 33
0 84
0 65
