5
15
97
9
72
11
100
27 99
49 99
33 99
0 95
89 67
0 40
0 22
0 88
48 99
62 99
0 74
0 8
0 54
51 99
0 32
0 18
94 99
24 1
0 5
0 23
0 51
0 94
0 13
0 29
0 49
83 43
28 99
83 46
83 5
84 99
83 68
36 99
83 70
58 99
83 47
67 99
83 23
1 99
83 2
71 99
54 99
83 6
83 29
83 85
56 99
83 67
25 99
83 91
83 26
83 28
12 86
83 25
83 89
83 14
8 99
83 96
17 99
53 99
83 54
86 99
24 47
95 99
37 99
21 99
83 75
83 58
24 34
83 51
83 24
89 99
90 34
90 33
47 99
90 85
16 99
90 31
90 2
90 16
90 36
25 75
34 99
90 78
90 3
87 99
75 99
92 99
44 99
28 55
78 55
89 55
5 55
19 55
26 55
40 55
60 55
7 55
90 93
90 19
90 13
53 55
