5
92
13
36
38
71
100
59 99
9 99
0 28
82 99
1 99
85 99
0 80
23 99
86 99
0 98
0 37
0 99
0 57
33 99
0 55
22 91
19 99
54 99
0 68
48 99
22 99
0 6
0 9
0 5
0 86
7 99
0 75
0 11
0 20
87 99
69 99
0 49
0 94
40 99
84 99
78 99
68 99
20 99
24 99
0 72
0 81
64 99
3 99
25 99
10 99
32 99
80 99
79 99
0 77
94 99
26 99
43 99
0 76
49 99
97 99
55 99
31 99
81 99
21 99
77 99
0 17
0 51
93 99
0 41
0 78
0 2
0 58
0 89
0 12
0 25
0 96
0 24
0 60
90 99
0 48
0 18
70 99
0 59
27 99
76 99
28 11
0 32
0 88
0 82
53 99
98 99
0 8
56 99
11 99
51 99
28 99
17 99
0 54
30 99
8 99
0 22
6 99
0 1
0 56
0 69
