5
17
19
3
11
31
100
0 37
68 97
81 97
0 25
92 97
0 16
0 42
0 64
76 12
0 14
0 45
0 38
52 97
0 8
79 97
0 87
30 97
0 51
0 10
0 52
63 97
0 28
55 97
0 59
0 75
0 54
51 12
64 97
80 97
49 97
5 97
12 97
83 97
0 27
70 97
39 97
14 97
0 26
0 93
0 22
10 97
0 76
84 97
71 97
53 97
47 97
0 9
16 97
56 97
63 48
42 48
0 21
44 48
0 68
33 48
0 43
0 20
0 24
92 50
57 48
92 37
92 42
92 94
92 75
32 48
92 58
73 48
92 88
92 93
92 95
92 70
92 69
78 48
92 60
92 14
51 48
92 24
92 18
37 48
92 12
79 48
87 48
92 22
92 54
93 48
56 48
25 48
38 48
16 13
4 13
35 22
92 1
68 13
92 44
96 13
92 81
92 78
35 13
92 49
92 67
