5
95
7
1
78
69
100
48 99
40 99
0 19
0 18
0 89
0 31
72 99
0 23
0 94
0 58
0 60
11 99
0 67
0 40
0 55
35 99
91 99
0 17
0 27
0 11
12 99
93 99
0 38
0 92
24 99
0 52
96 99
33 99
73 99
0 45
0 36
27 99
52 99
0 82
13 66
0 15
0 4
85 99
0 74
0 54
0 57
0 13
0 86
77 99
30 99
66 99
0 26
0 91
0 22
90 99
0 37
0 43
0 6
0 71
0 50
36 99
0 32
29 99
41 99
79 99
0 75
0 48
0 76
60 99
0 51
0 96
0 63
2 99
0 39
6 99
0 83
0 46
67 99
0 5
0 81
0 64
0 62
0 42
92 99
0 10
0 97
57 99
0 66
0 2
43 99
0 85
0 65
0 88
0 34
59 82
0 84
0 90
94 99
22 99
37 99
50 99
13 99
75 99
82 99
0 47
