5
48
34
25
63
61
100
0 1
10 11
10 20
43 44
14 5
62 72
15 6
52 62
79 89
56 57
47 57
42 52
5 6
70 80
43 53
41 51
50 60
17 26
16 17
43 52
11 12
41 50
2 12
51 52
5 15
11 21
2 3
46 55
60 70
21 31
36 46
45 46
36 45
37 46
35 45
59 69
26 36
28 37
16 26
16 7
17 27
17 8
28 38
28 29
19 29
8 18
17 18
9 18
28 27
27 37
27 36
35 44
1 11
76 77
77 87
86 96
76 86
76 85
67 77
38 29
39 49
85 86
12 13
24 15
23 13
22 23
31 32
13 14
66 67
94 95
57 67
95 96
95 86
66 76
66 57
56 66
56 55
19 18
23 14
3 4
13 4
33 24
32 23
98 99
47 56
37 47
32 33
32 42
41 42
42 33
30 40
31 40
30 31
32 41
65 75
66 75
67 68
20 21
88 89
88 98
