5
19
86
61
60
18
100
56 96
0 87
80 96
0 31
0 96
0 27
16 96
0 93
0 68
0 3
71 96
47 96
0 13
0 32
91 96
88 96
37 96
64 96
49 96
52 96
79 96
32 96
0 45
95 96
21 96
28 96
78 96
75 96
73 96
6 96
0 44
0 39
0 94
5 96
46 96
1 96
0 64
0 74
0 47
0 82
0 91
34 96
35 96
0 4
66 70
10 96
0 20
0 38
0 52
0 57
7 65
0 35
0 95
0 66
0 25
69 96
0 79
0 72
0 26
65 96
89 96
0 37
70 96
2 96
57 96
24 96
11 96
68 96
74 96
0 30
0 78
53 96
0 59
72 96
0 21
57 8
0 51
0 50
93 96
17 96
8 96
94 96
0 36
14 96
44 96
33 96
9 96
87 96
0 43
81 96
22 96
0 42
0 69
92 96
0 81
0 40
29 96
0 24
7 96
82 96
