5
57
32
36
41
33
100
0 70
40 91
18 91
64 91
0 80
0 19
0 17
0 34
11 91
0 20
0 88
16 91
0 63
50 91
0 37
0 73
0 40
0 49
0 89
0 65
0 56
0 46
0 91
0 4
0 72
0 9
0 47
0 31
90 91
0 11
0 90
44 83
28 91
0 2
0 13
70 91
0 27
85 91
0 42
0 22
39 91
79 21
88 91
0 50
19 91
30 91
0 62
54 9
83 91
31 91
8 91
9 91
76 48
0 81
0 44
89 91
42 91
48 91
21 91
7 91
81 91
26 91
34 91
56 91
82 91
67 91
54 77
86 91
37 91
15 91
0 35
77 91
0 79
51 17
0 71
0 23
0 86
14 91
0 54
43 91
0 85
74 91
0 67
0 69
63 91
17 91
1 91
0 28
75 91
20 91
35 91
24 91
68 91
2 91
0 84
53 91
0 5
72 91
4 91
0 76
