5
60
17
28
10
4
100
5 71
0 20
13 71
0 47
26 71
0 40
68 71
0 15
0 1
64 71
29 71
47 71
45 71
55 71
67 71
0 66
46 71
0 49
0 68
2 71
58 71
42 71
48 71
54 71
44 71
0 67
0 16
19 71
0 50
70 71
0 14
7 71
0 30
0 65
34 71
51 71
0 23
0 53
0 46
0 26
30 71
0 9
0 36
0 19
32 71
0 2
0 7
0 31
8 71
24 71
14 71
9 71
0 25
49 71
57 71
0 62
56 71
40 71
0 33
0 32
23 71
0 8
18 71
0 22
0 24
0 64
0 63
0 13
0 58
35 71
0 27
0 44
0 11
0 5
43 71
0 55
0 59
3 71
0 57
0 39
0 37
12 71
0 52
41 71
0 61
43 2
43 48
50 71
58 15
43 66
43 38
43 59
43 57
43 8
43 36
33 71
43 12
43 9
27 71
39 71
