5
1
64
26
89
67
100
0 14
0 61
0 81
0 50
0 88
85 99
0 16
12 99
48 99
58 99
0 68
0 90
63 99
82 99
51 99
68 99
71 99
57 99
8 99
23 99
14 99
90 99
0 93
29 99
83 99
0 85
60 99
0 65
0 20
0 24
50 99
0 25
0 92
49 99
16 99
0 36
95 99
0 34
0 51
81 99
0 76
35 99
0 94
53 99
87 99
0 19
92 99
0 78
77 99
0 40
76 99
0 54
46 99
0 99
9 99
59 99
0 29
0 12
0 18
0 44
74 99
61 99
72 99
33 99
34 99
0 91
43 99
0 84
55 99
54 99
0 3
44 99
27 99
75 99
0 73
98 99
20 99
0 28
0 82
31 99
0 10
0 35
0 60
79 99
0 27
0 71
0 39
73 99
0 79
45 99
62 99
5 99
15 99
0 41
94 99
28 99
0 95
0 66
0 38
0 30
