5
68
89
83
38
8
100
90 99
43 99
0 87
0 52
0 25
0 43
0 42
0 95
0 48
0 24
0 92
0 71
0 12
0 11
0 74
0 15
77 59
0 20
95 99
0 90
98 99
93 59
79 99
0 61
34 99
0 93
0 78
0 19
0 44
0 64
0 45
0 6
0 57
0 88
0 91
0 59
0 23
0 10
21 99
0 97
9 99
0 40
59 99
45 99
13 99
0 51
0 98
0 35
0 58
0 9
11 99
0 37
0 13
0 49
28 99
0 80
16 99
27 99
0 53
0 66
0 86
0 47
29 99
0 4
0 72
0 55
62 99
0 17
0 99
0 82
31 99
0 34
0 32
0 67
0 70
96 99
26 99
88 99
54 99
0 36
57 99
72 99
0 73
74 99
91 99
49 99
25 99
77 99
75 99
67 99
20 99
86 99
71 99
82 99
53 99
73 99
78 99
0 84
74 66
0 1
