0
100
0 99
0 72
33 99
20 99
30 17
46 99
0 78
81 99
0 26
0 23
0 87
0 85
0 43
0 28
0 86
17 99
47 99
0 13
0 20
0 98
49 99
0 48
60 99
66 99
35 99
11 9
32 99
3 99
0 52
0 82
86 99
0 51
0 64
0 37
55 99
14 99
0 41
25 99
73 99
0 24
89 99
28 99
50 99
98 99
15 12
24 99
0 39
51 99
13 99
82 99
12 99
48 99
0 67
16 10
75 11
0 33
0 29
0 32
0 92
0 9
0 6
0 68
0 25
0 12
0 7
22 99
0 94
76 10
43 99
0 4
74 57
96 99
0 19
56 99
40 99
57 99
26 99
2 99
0 76
0 89
0 58
0 38
0 17
0 22
0 75
7 99
82 45
59 99
45 99
77 99
0 91
0 44
0 71
0 11
65 99
0 83
0 31
9 99
0 55
78 99
