5
66
81
20
23
12
100
77 99
53 99
35 99
95 99
36 99
46 59
87 60
63 99
89 99
76 99
6 99
0 1
59 99
60 99
0 11
47 99
9 99
92 99
0 83
51 99
40 99
0 14
0 28
16 37
0 88
45 99
71 99
0 82
0 21
0 69
0 72
0 74
22 99
0 34
0 57
0 62
91 99
37 99
97 99
65 90
52 99
5 99
21 99
74 99
65 99
33 99
98 99
0 47
68 99
49 99
83 99
78 99
19 99
76 29
63 29
21 29
0 87
0 18
0 24
96 29
0 75
0 53
15 29
62 29
0 65
0 15
46 29
84 29
7 29
0 85
90 29
11 29
69 29
75 29
0 68
0 36
0 55
33 29
93 29
0 80
24 29
0 92
0 97
0 19
0 6
14 29
60 29
45 29
0 33
0 70
0 43
0 56
77 29
0 10
0 94
0 51
0 17
0 31
0 22
0 90
