2
14
21
100
0 73
0 55
0 33
5 73
7 73
0 39
0 27
0 15
49 3
69 73
68 73
58 73
0 56
0 32
3 73
20 73
13 73
71 73
62 73
0 41
0 50
0 31
0 70
0 24
0 53
1 73
67 73
9 73
0 52
0 3
8 73
0 35
59 73
15 73
43 73
0 60
40 73
0 54
63 73
10 47
49 73
23 73
0 68
47 73
7 46
50 73
55 73
0 48
46 73
45 73
35 73
57 73
28 73
25 73
11 73
0 10
18 73
0 2
16 73
0 51
0 20
27 73
10 73
0 64
72 73
0 4
0 36
0 71
0 8
0 19
0 17
0 61
0 69
0 25
48 73
65 73
0 66
0 44
24 73
0 29
53 73
0 38
31 73
0 23
2 73
42 19
0 40
34 73
0 11
0 58
0 45
0 65
0 37
19 73
34 22
0 63
43 49
0 42
26 73
29 73
