5
42
40
55
28
44
100
0 89
0 49
22 33
17 99
0 94
0 74
0 39
45 99
46 99
24 26
15 99
67 99
80 99
92 22
45 33
21 22
33 61
64 8
0 86
77 8
47 8
4 23
69 52
61 41
4 49
6 41
4 35
4 67
4 61
4 32
4 77
4 86
81 52
4 81
37 83
29 88
51 85
75 8
30 8
37 50
37 94
37 16
76 17
21 18
21 76
21 78
21 41
21 39
21 20
21 14
32 8
32 75
75 43
47 65
24 52
21 5
21 23
21 31
43 11
43 15
43 62
43 34
43 57
43 16
43 3
43 39
18 62
11 62
15 2
46 80
70 88
15 26
15 81
15 47
84 26
68 41
57 27
41 62
57 9
67 10
69 26
16 17
78 29
51 10
58 46
62 60
78 10
61 22
57 5
50 88
75 3
98 79
9 10
67 97
61 56
78 74
78 88
96 22
67 47
69 10
