5
67
65
79
86
5
100
63 50
55 99
53 99
26 99
47 99
44 99
31 99
83 99
77 99
9 99
2 61
45 99
85 36
12 99
50 82
97 36
55 2
76 99
84 99
52 99
73 99
1 99
64 99
90 99
10 99
14 99
20 99
15 99
13 99
33 99
25 99
72 99
66 99
11 99
89 99
91 99
0 99
63 99
17 99
37 99
28 99
19 99
27 99
32 99
74 99
82 99
8 99
69 99
58 99
4 99
57 99
30 99
18 99
68 99
38 99
55 88
72 21
95 3
88 34
34 21
37 21
0 21
77 55
89 55
87 21
89 21
9 21
92 55
61 21
46 21
54 21
88 21
44 21
74 21
28 21
20 21
73 21
71 21
57 21
33 21
64 21
90 21
52 21
1 21
36 21
14 21
13 21
58 21
29 21
16 21
78 21
62 21
59 21
77 21
92 21
38 21
6 21
84 21
17 21
43 21
