5
7
37
36
89
82
93
0 22
0 3
28 57
1 5
1 22
1 63
1 4
70 57
85 57
1 77
1 2
26 84
87 72
87 50
33 57
5 12
88 48
88 59
2 38
30 4
34 12
75 12
6 4
30 53
15 14
55 14
18 14
29 21
29 32
29 6
48 41
48 67
48 62
76 45
76 56
42 67
50 92
42 44
46 92
42 13
15 25
40 56
40 22
20 3
96 77
85 97
53 50
53 21
53 13
95 56
33 8
11 8
45 15
35 27
45 31
70 93
45 86
55 84
65 31
45 55
19 6
62 23
13 5
73 17
98 11
46 47
22 94
81 22
81 56
33 62
98 21
22 31
22 50
19 39
56 93
56 35
80 63
56 60
74 51
28 63
46 58
6 10
69 93
44 49
91 46
50 98
34 96
72 46
13 68
85 80
20 80
18 19
22 19
