5
88
47
44
60
3
100
0 1
2 1
93 96
43 45
42 43
4 5
4 6
1 5
1 7
6 5
6 7
86 87
6 8
6 9
87 92
85 87
89 90
87 90
90 96
95 96
94 96
91 90
91 92
91 93
94 92
94 95
94 93
90 92
93 92
93 95
84 85
40 42
10 11
10 9
10 7
10 8
5 8
5 7
9 8
9 11
7 8
11 12
11 14
11 13
12 13
12 14
12 15
12 16
56 61
59 61
59 63
39 40
38 40
39 42
25 26
21 22
41 45
46 45
41 43
46 49
48 49
46 48
46 52
38 39
37 39
35 39
36 39
36 37
37 41
46 50
51 52
52 53
51 50
51 53
51 49
48 50
45 50
50 56
50 54
50 53
50 52
55 57
55 56
55 53
55 54
52 56
53 58
53 56
53 57
59 58
59 62
56 58
56 57
62 63
62 64
62 65
35 41
36 41
40 41
42 41
