5
32
91
21
19
46
100
97 11
5 99
50 20
64 23
0 30
59 12
8 44
20 99
36 3
0 75
4 18
14 99
92 68
14 62
51 7
68 51
36 92
20 62
28 6
41 62
7 67
6 99
94 41
41 99
62 99
39 99
0 36
33 96
33 36
36 96
0 33
30 3
45 93
0 77
0 49
75 96
63 98
78 8
0 73
0 63
78 40
75 92
30 98
29 93
78 63
77 95
63 95
68 64
63 76
80 64
77 76
22 88
78 49
78 73
40 8
78 33
44 72
57 64
78 75
30 77
64 61
79 57
96 85
22 42
30 49
88 64
72 22
61 93
76 48
76 95
76 71
87 44
30 73
36 77
76 66
76 17
31 24
30 75
59 93
76 55
36 75
49 33
49 77
85 93
67 35
53 86
15 26
36 73
49 73
63 33
75 33
77 33
28 35
90 95
63 73
77 73
49 75
56 93
35 93
43 83
