5
61
47
22
37
8
100
87 99
0 28
0 78
0 79
0 44
0 49
0 90
0 39
71 99
0 12
0 50
0 99
0 63
48 99
0 71
0 81
57 99
0 59
0 87
9 99
0 42
3 99
6 99
89 99
0 66
0 55
0 86
0 17
0 3
0 23
0 38
0 73
0 82
0 41
66 99
16 99
0 96
0 95
1 99
26 99
0 32
88 99
0 64
0 52
0 76
0 1
75 99
40 99
0 36
0 27
0 77
0 92
0 51
1 28
0 91
64 99
0 80
70 57
28 99
70 88
70 45
70 27
97 99
14 99
73 99
70 54
12 82
92 99
30 99
38 99
82 99
54 99
70 86
43 99
24 99
68 99
17 99
34 99
13 99
29 99
70 6
62 99
35 99
69 99
70 87
70 60
70 21
56 99
70 14
70 71
70 17
70 44
70 38
70 68
70 63
70 43
70 53
70 12
32 99
96 42
