0
100
0 91
74 91
0 12
0 33
0 70
9 13
0 20
29 91
42 91
34 91
13 91
0 79
0 44
0 89
0 26
0 42
46 91
0 71
77 91
88 91
21 18
45 25
0 74
0 21
82 91
0 43
27 91
0 76
18 91
0 45
0 67
25 91
0 78
0 80
47 91
0 30
83 91
0 58
74 77
0 29
0 75
76 91
9 91
0 17
0 81
7 91
61 91
70 91
90 14
0 15
87 91
85 91
52 91
14 91
37 91
56 91
80 91
60 91
79 91
0 62
12 91
40 91
0 63
89 91
35 91
0 47
84 91
48 91
3 28
44 91
90 91
28 91
66 91
63 91
19 91
36 91
0 3
0 49
43 91
0 27
68 5
0 38
62 91
0 61
0 66
51 91
0 52
16 91
58 91
0 68
0 28
0 24
21 91
81 91
0 86
0 88
0 32
5 91
0 34
78 91
