5
98
93
53
67
54
100
91 99
92 99
94 99
90 99
96 99
95 99
90 97
88 97
89 97
91 97
94 97
95 97
92 97
0 7
0 5
0 4
0 2
0 1
0 6
0 3
0 8
89 96
51 59
87 96
94 96
90 96
91 96
92 96
88 96
94 95
89 95
91 95
88 95
87 95
86 95
92 95
89 90
91 90
87 90
82 90
84 90
85 90
81 90
94 90
88 90
92 90
83 90
87 86
87 84
45 46
49 56
44 51
59 64
44 52
56 64
47 52
64 69
59 63
57 64
49 57
49 55
52 57
52 59
55 61
50 59
45 52
55 63
60 69
45 50
46 47
61 66
63 66
47 51
63 68
46 55
56 61
48 56
57 66
50 56
51 57
57 65
46 52
60 65
51 58
52 61
51 60
51 56
57 63
57 62
55 64
55 62
52 58
52 60
56 63
47 56
57 60
44 50
46 49
55 56
55 59
