5
70
69
87
28
11
100
0 29
0 79
54 90
0 63
0 44
16 90
0 64
0 83
0 39
0 61
0 75
34 90
30 90
0 55
0 56
0 62
0 30
65 90
0 5
0 76
81 90
0 90
0 3
0 59
0 49
0 43
61 90
0 35
58 90
6 90
0 65
0 74
0 19
0 73
0 12
71 90
35 90
0 78
0 4
0 23
0 21
38 90
0 2
72 90
12 90
85 49
21 90
74 90
8 90
0 45
0 54
0 57
49 90
46 90
0 53
0 36
0 42
67 90
80 90
22 90
0 17
0 24
0 77
0 80
76 90
89 90
4 90
0 13
33 48
50 90
0 66
0 68
0 38
0 34
0 20
0 32
1 90
86 90
7 90
0 67
0 25
0 85
0 82
9 90
48 90
0 31
32 90
0 26
62 90
0 18
76 64
0 9
45 90
0 51
79 90
52 90
0 46
27 90
23 90
0 14
