5
3
24
53
26
18
100
0 6
0 83
0 37
0 25
52 25
0 76
0 91
0 52
0 58
36 27
75 36
75 21
88 92
88 68
88 60
51 60
28 33
92 30
1 94
92 87
88 73
88 30
88 72
12 34
1 45
95 2
65 94
1 12
95 59
42 80
1 66
7 74
70 48
55 38
1 86
1 72
42 4
57 32
42 78
42 47
42 11
44 10
13 25
42 37
42 55
13 30
13 44
46 80
13 46
13 5
13 23
13 96
13 11
8 73
8 98
8 83
8 49
8 6
28 62
28 73
28 64
28 36
28 54
28 92
12 46
97 68
12 31
12 6
12 63
12 92
12 36
85 22
85 39
85 61
85 49
85 84
85 52
85 95
17 78
17 33
17 29
17 9
21 67
17 46
17 21
17 84
86 34
86 72
86 97
86 63
86 65
55 19
86 55
86 45
86 61
86 95
86 47
86 44
91 4
9 4
