4
34
58
60
39
100
0 99
52 99
63 99
49 99
33 99
75 99
46 99
0 17
66 99
0 70
23 99
0 52
0 42
29 99
0 91
85 99
55 99
0 16
42 99
0 87
0 62
69 99
0 40
0 3
0 63
0 13
27 99
43 99
10 99
61 99
79 99
82 99
0 9
0 67
0 85
0 14
0 44
0 77
87 99
0 33
0 43
0 6
0 5
0 54
0 47
0 83
0 4
0 12
0 84
0 8
0 74
0 1
0 95
0 35
40 99
88 99
0 68
0 15
0 66
0 71
0 90
0 49
0 28
95 99
0 45
78 99
86 99
0 20
45 99
0 30
0 72
95 22
65 99
0 46
57 99
0 29
16 99
0 86
0 48
89 99
0 82
0 93
0 73
69 89
0 19
0 64
0 50
0 69
0 23
0 75
0 88
0 25
0 7
0 27
0 57
0 51
0 21
0 96
0 41
0 98
