0
100
0 99
0 73
0 95
0 25
0 6
84 99
0 8
94 99
0 1
71 32
71 1
71 34
70 36
70 79
70 41
70 84
70 47
66 8
66 28
66 84
66 86
68 99
66 63
66 96
66 56
76 67
3 68
3 11
39 99
64 99
67 99
92 99
10 99
15 99
45 7
97 99
82 7
35 7
30 7
83 7
14 76
14 53
75 7
76 7
89 9
31 9
92 9
2 9
27 9
3 44
4 9
33 9
15 9
94 58
42 58
34 39
14 43
3 79
14 73
3 16
36 39
11 98
95 39
3 37
14 38
3 60
80 39
3 14
3 51
89 39
94 39
73 39
24 98
87 98
56 98
54 34
77 98
54 29
54 30
54 26
54 83
54 86
17 67
54 65
97 67
34 67
54 19
12 14
28 11
48 14
28 82
28 10
52 69
18 14
91 87
32 14
59 16
69 14
28 22
16 14
