5
23
60
36
50
3
100
0 52
7 58
41 46
0 41
8 7
58 78
0 8
56 17
58 18
16 52
0 16
0 58
18 82
20 58
40 76
40 30
0 40
20 40
0 20
13 80
51 93
80 93
78 93
0 79
82 93
39 93
0 73
17 18
18 93
0 67
31 93
21 93
73 93
85 93
68 93
79 93
52 93
27 93
43 93
15 93
92 93
16 93
48 93
77 93
81 93
88 93
10 93
57 93
46 93
38 93
41 93
34 93
30 93
87 93
91 93
4 93
69 93
71 93
11 93
17 93
63 93
0 93
28 93
61 93
62 93
53 93
55 93
32 93
35 93
84 93
70 93
24 93
45 93
90 93
20 93
76 93
14 93
47 93
5 93
9 93
40 93
22 93
75 93
74 93
8 93
37 93
67 93
59 93
54 93
2 93
42 93
7 93
13 93
83 93
89 93
86 93
6 93
44 93
29 93
19 93
