5
38
85
17
26
96
100
0 20
0 44
0 99
0 37
98 99
59 99
88 99
0 19
0 1
0 91
72 99
0 87
0 29
53 99
9 99
0 82
0 57
0 22
0 84
0 2
12 63
0 34
0 12
77 99
0 7
56 99
91 99
0 10
3 99
0 83
94 99
60 99
0 24
0 77
0 28
5 99
43 99
2 99
45 99
77 1
0 48
0 67
29 99
0 76
0 55
34 99
0 16
40 99
1 99
61 99
3 73
64 99
39 99
48 99
0 36
73 99
0 27
15 99
28 99
80 99
0 65
20 99
32 99
0 8
62 99
0 35
79 99
46 99
0 18
0 6
0 66
0 41
30 99
0 43
0 31
0 39
0 89
0 62
0 88
0 11
42 99
49 99
54 99
0 72
69 41
0 93
0 21
0 42
0 40
0 69
0 25
59 32
59 60
59 55
59 7
36 99
41 99
59 71
78 99
89 99
