5
75
68
47
54
55
100
58 99
42 99
34 99
45 71
0 6
92 60
0 20
0 92
84 99
63 71
0 3
57 99
23 99
28 99
11 99
31 99
59 99
0 14
18 99
0 16
0 99
25 99
0 2
0 44
62 99
0 9
81 70
39 71
0 22
0 43
66 99
21 99
0 18
10 98
0 49
39 52
0 15
61 99
1 2
0 66
0 39
80 99
57 52
64 31
64 87
0 57
86 41
0 88
0 10
82 32
86 2
87 41
67 99
38 99
79 99
72 99
96 99
46 99
92 99
37 99
45 99
93 99
0 64
53 99
63 99
94 99
35 99
70 99
85 99
82 99
6 99
5 99
36 99
71 99
95 99
0 50
97 99
17 99
22 99
64 99
0 61
52 2
0 13
59 2
0 40
72 77
76 48
4 9
0 80
0 76
0 91
0 4
0 67
0 26
0 72
0 33
0 59
0 34
0 78
0 71
