5
34
83
84
63
44
100
64 88
12 79
0 6
35 88
0 64
74 88
15 88
0 23
0 48
0 85
0 2
0 35
0 46
0 26
3 88
40 88
30 88
0 10
0 41
53 88
0 3
75 88
0 79
0 76
10 88
87 88
16 88
23 88
28 88
0 40
0 8
0 65
0 60
77 88
76 88
42 88
0 52
0 56
6 88
67 88
0 49
0 16
48 88
0 43
0 5
27 88
66 88
0 24
0 20
0 81
62 79
62 28
62 41
62 70
62 67
62 75
62 73
62 68
62 61
86 88
62 3
62 76
18 88
59 88
62 82
62 60
62 8
62 18
62 57
62 4
17 88
62 64
62 9
62 1
62 78
62 31
62 58
46 88
23 29
50 88
62 32
62 23
62 50
62 49
62 77
22 15
55 88
54 88
2 88
22 56
80 88
22 27
22 69
31 88
46 68
79 88
14 88
39 88
36 88
22 10
