5
6
68
29
37
21
100
0 90
0 76
61 14
61 41
61 46
12 13
12 82
12 84
64 99
57 99
12 24
12 33
12 8
39 16
39 33
60 99
28 99
39 84
27 99
72 99
2 82
49 82
33 87
39 78
39 3
53 16
25 87
5 87
66 87
76 16
22 17
98 17
77 42
2 17
66 71
39 35
89 4
39 81
39 77
66 84
49 4
71 4
98 4
66 7
33 4
27 18
71 18
66 78
96 18
66 88
74 18
66 72
66 8
66 26
45 18
51 18
79 18
27 8
85 95
97 95
78 95
46 95
30 95
27 48
27 74
53 95
27 7
62 32
74 32
59 50
59 90
65 32
59 62
59 77
59 76
59 71
59 74
58 32
3 78
58 19
58 49
96 32
64 32
89 32
58 78
88 32
10 60
55 60
58 5
48 60
15 60
58 64
73 60
62 60
58 43
93 60
44 2
42 2
8 23
49 2
