5
54
21
97
41
83
100
56 99
0 24
58 70
74 99
52 49
0 46
0 8
0 27
0 6
70 99
0 94
0 14
0 3
0 2
37 99
0 34
0 99
81 99
4 99
34 99
0 42
0 69
0 31
2 99
9 99
52 99
0 59
28 99
0 15
0 13
33 99
0 51
0 4
49 99
0 91
92 99
72 86
0 39
27 99
8 99
0 10
0 85
22 99
0 52
7 99
30 99
24 99
82 99
0 29
0 79
0 72
0 76
0 71
86 99
0 64
53 99
60 99
0 55
71 99
0 19
0 25
0 50
78 99
0 44
0 33
0 5
0 77
0 60
0 75
0 98
0 81
0 92
0 65
3 99
74 46
15 99
61 99
0 26
31 99
16 99
38 99
32 99
0 30
47 99
0 22
0 9
63 99
0 53
0 1
0 90
48 99
0 35
46 99
73 99
48 91
64 99
0 49
55 99
0 18
26 99
