5
3
6
14
26
17
100
16 99
21 99
23 8
32 99
62 8
0 10
0 45
0 69
0 46
70 8
67 8
13 34
19 8
0 23
0 28
10 4
0 24
49 8
12 5
0 41
0 15
0 13
9 8
0 18
0 7
0 22
0 12
0 29
54 8
0 9
0 67
0 31
5 88
16 81
62 7
0 25
0 98
43 8
0 70
0 83
0 21
0 62
15 8
0 65
0 20
0 72
0 66
63 20
63 40
63 43
63 57
48 66
48 18
48 35
48 33
48 34
36 5
36 19
5 8
36 9
36 49
36 18
36 66
36 35
36 61
36 93
1 44
1 27
84 61
84 1
84 90
84 66
49 21
49 15
49 68
49 69
4 8
37 92
37 77
54 34
18 8
37 10
37 83
37 39
37 4
37 13
37 52
37 54
25 12
22 8
25 30
25 31
16 8
25 22
77 64
10 8
25 29
25 4
94 2
94 32
