5
88
65
69
86
1
100
0 72
0 32
0 41
0 63
0 38
81 98
56 98
84 98
0 54
27 98
0 30
80 98
36 98
74 98
50 98
0 22
26 98
13 98
0 33
0 23
54 98
32 98
16 98
89 98
30 98
40 98
18 98
0 84
83 98
0 56
0 6
61 98
0 7
0 98
0 16
0 40
0 25
0 80
0 36
57 98
0 26
0 60
49 98
93 98
0 3
73 98
0 9
59 98
96 98
0 29
0 87
0 5
0 27
0 90
0 77
0 70
0 74
0 47
0 62
0 94
37 98
0 10
0 58
0 57
0 78
0 92
64 98
0 19
0 50
0 48
0 59
24 98
0 82
0 35
55 98
0 89
78 98
0 28
0 81
0 67
0 73
0 64
0 20
0 53
0 79
0 43
0 85
0 2
0 91
0 68
0 18
0 13
0 83
52 98
0 17
63 98
0 45
0 21
47 98
0 96
