4
29
96
49
91
100
0 99
0 8
0 66
75 99
2 99
70 99
23 99
0 20
0 45
2 76
0 4
79 99
0 65
0 74
76 99
10 99
63 99
41 99
48 98
95 98
97 98
0 19
4 98
33 98
71 98
27 98
0 87
46 16
0 57
35 82
0 92
20 98
82 98
0 54
10 98
0 3
64 30
86 84
37 16
47 16
86 4
86 2
86 39
86 37
86 62
15 16
10 16
86 44
30 16
28 16
86 71
68 92
15 46
15 54
15 68
76 92
53 92
44 92
15 47
15 13
15 51
15 17
15 11
15 35
15 20
15 80
94 92
30 8
25 92
30 63
30 84
67 11
30 36
30 57
62 50
79 92
62 88
87 92
60 11
62 57
62 74
13 92
11 92
12 92
62 59
78 58
71 19
25 19
62 1
62 65
62 35
62 18
62 78
58 19
62 17
54 19
62 64
22 19
62 58
62 79
