5
42
4
18
57
65
100
0 10
0 84
0 69
0 20
0 19
0 95
0 79
0 46
0 17
0 45
0 75
23 97
0 23
2 97
32 97
0 28
59 97
69 97
87 97
0 51
0 71
14 97
0 6
24 97
0 16
9 97
38 97
45 97
30 97
0 82
0 68
0 47
0 40
15 50
15 76
15 19
90 97
15 36
15 75
56 97
15 23
15 60
62 97
15 90
3 97
15 32
15 54
23 5
36 97
15 56
15 44
95 86
15 49
15 62
15 95
15 89
5 97
15 85
76 97
15 12
47 97
81 97
16 97
61 97
49 97
58 97
86 97
59 37
25 97
15 20
15 72
31 71
15 6
15 66
15 53
37 71
32 71
82 71
73 71
44 71
15 5
49 71
13 71
67 71
66 71
26 71
15 31
15 27
55 71
13 93
68 71
15 88
15 28
93 71
90 71
81 71
15 68
15 70
3 71
40 41
