5
58
41
39
28
27
100
0 52
0 45
0 71
0 73
0 35
11 93
53 93
19 93
4 32
0 7
82 93
43 93
32 93
80 93
0 34
0 10
86 93
0 38
0 18
0 6
0 31
62 46
0 37
17 93
0 65
46 93
0 57
36 93
0 60
45 31
37 93
55 93
13 93
88 93
0 47
45 93
50 9
48 6
65 93
0 3
0 69
0 48
11 21
5 54
11 33
11 77
11 4
11 86
11 8
54 93
11 48
75 93
11 23
11 44
11 5
11 53
11 25
18 93
11 57
6 93
75 25
20 93
9 93
25 12
92 12
74 12
24 12
20 12
91 12
34 12
54 12
17 12
75 13
75 66
75 51
60 12
14 12
75 67
75 47
75 73
75 64
75 70
62 12
8 12
75 18
75 77
65 12
75 62
92 66
75 26
6 66
67 66
75 91
23 66
75 54
68 74
68 21
68 4
43 66
62 66
