5
60
48
23
78
37
100
0 19
0 58
0 2
79 99
0 69
91 59
0 92
49 99
0 88
0 98
0 61
0 7
0 93
0 18
0 1
0 15
0 12
0 22
0 20
0 99
0 62
0 67
0 47
0 63
0 30
0 71
0 84
0 34
0 39
0 38
0 9
0 57
0 6
0 26
0 31
0 95
0 72
0 5
0 14
0 33
0 44
0 4
0 25
0 94
0 75
27 97
6 99
81 44
55 97
27 29
27 55
72 36
27 14
20 99
36 77
27 84
27 13
27 80
27 38
27 89
27 72
27 39
27 61
27 42
27 16
27 7
27 65
27 69
27 11
27 70
27 81
27 34
27 82
27 88
27 45
27 21
27 92
27 98
27 62
27 63
27 33
27 9
27 28
27 18
27 26
27 36
27 52
27 44
27 90
27 40
27 25
27 59
27 17
53 19
77 99
15 99
58 99
86 62
93 1
90 99
