5
29
13
27
34
3
98
31 59
0 32
45 23
45 14
47 59
12 59
40 5
11 25
50 25
45 17
45 8
33 11
6 25
33 20
38 22
38 6
12 55
52 25
48 25
52 55
35 25
15 31
15 12
37 19
15 11
15 7
32 17
9 55
20 17
19 17
51 56
36 14
12 52
37 49
30 47
37 44
37 6
37 30
37 28
16 35
18 10
48 40
14 10
53 56
58 56
21 56
32 57
41 56
52 56
9 56
32 51
2 46
10 46
21 9
32 30
19 22
41 52
26 10
14 52
42 30
32 40
1 30
32 12
32 4
32 36
53 12
53 58
36 44
43 21
42 14
53 49
53 36
40 21
19 41
14 21
42 6
31 28
43 28
11 14
43 57
43 20
8 2
58 40
58 44
26 2
49 50
20 50
31 50
6 51
49 36
19 12
44 35
26 4
44 12
24 23
24 12
24 49
19 26
