5
68
36
65
72
91
100
38 96
66 96
21 96
0 84
17 96
0 58
18 96
28 96
85 96
0 9
69 96
0 4
0 27
0 13
11 96
6 96
0 31
0 37
0 23
0 76
54 96
0 57
0 79
0 19
31 84
8 96
50 96
24 96
84 96
3 96
0 69
0 94
0 67
19 96
35 96
49 96
31 96
0 59
46 96
0 44
0 12
47 96
87 96
0 34
0 75
58 96
0 61
16 96
80 96
57 96
81 96
55 96
2 96
44 96
23 96
63 74
71 96
0 51
0 10
34 96
53 78
0 40
30 96
74 96
51 96
0 63
0 66
26 96
78 96
92 96
0 39
0 85
0 53
0 28
64 96
56 96
90 96
0 18
0 70
41 96
0 15
0 64
0 46
29 96
0 50
0 93
0 78
94 96
0 87
0 60
0 90
0 95
0 17
0 41
0 11
89 96
0 20
40 96
37 96
67 96
