5
40
95
2
49
16
100
93 35
87 35
0 48
97 73
68 73
62 73
55 48
0 4
68 48
51 62
92 22
0 14
0 85
0 32
3 4
3 47
72 78
67 22
60 22
65 22
53 62
89 62
91 9
30 18
72 6
38 7
96 57
72 17
72 67
79 57
13 58
68 45
28 45
14 70
33 45
31 45
13 44
26 70
31 70
1 70
50 29
55 29
60 66
67 66
10 79
61 66
81 79
12 79
54 85
81 85
83 85
53 24
44 37
21 37
59 24
13 11
20 44
27 96
6 44
23 38
13 64
13 71
80 38
13 93
34 38
58 90
30 43
30 10
30 20
11 53
11 6
36 10
36 43
76 90
64 90
14 90
42 52
80 77
81 39
28 39
36 92
36 60
36 84
32 94
55 97
58 60
58 71
58 51
58 42
43 75
58 87
25 54
97 75
64 75
26 60
42 60
25 98
25 51
25 91
25 8
