5
12
13
51
42
14
100
0 6
0 4
37 74
0 74
73 74
0 24
57 74
20 74
0 49
0 46
0 66
0 67
0 16
0 9
0 52
0 20
25 74
0 64
0 33
0 48
0 28
0 58
0 10
0 1
0 70
0 27
0 32
0 63
39 74
0 30
0 56
18 74
0 38
0 72
24 74
0 73
0 22
0 15
0 65
0 59
34 74
47 32
0 62
0 34
0 43
0 45
0 55
0 31
0 37
66 74
0 5
50 74
32 74
0 69
9 74
0 23
0 18
0 29
49 74
43 74
0 17
64 74
0 60
0 40
0 19
0 61
0 44
62 74
8 74
0 3
0 54
0 47
0 71
0 8
0 39
0 25
0 50
0 7
0 57
41 74
58 74
0 11
48 74
71 74
4 74
44 74
40 74
0 36
34 47
66 17
56 74
0 35
47 74
0 53
46 54
0 2
0 68
0 41
10 74
0 26
