5
44
4
39
28
83
100
67 88
0 8
0 42
6 43
62 45
0 24
0 69
0 26
0 23
41 21
0 7
45 58
45 40
47 73
47 40
45 17
45 61
45 29
45 42
45 64
52 58
43 73
56 3
43 9
42 9
3 29
52 20
46 22
56 38
80 40
46 84
46 8
46 52
46 56
46 47
46 80
46 36
46 43
19 29
82 40
10 64
76 63
59 82
79 51
70 37
59 62
59 10
59 70
59 53
59 55
66 22
21 73
11 67
69 23
31 3
11 69
11 24
11 3
11 82
11 66
29 73
35 67
67 30
73 58
8 65
8 60
8 35
8 16
22 36
30 58
9 58
64 40
54 1
40 58
82 62
61 47
82 74
82 87
81 24
82 25
41 7
31 16
41 81
41 20
27 6
41 69
41 27
41 33
54 25
54 65
2 58
3 58
1 58
24 58
65 81
84 70
68 81
66 81
70 25
12 18
