5
66
53
65
61
60
100
0 41
73 99
0 38
0 34
0 31
0 32
0 43
0 28
68 99
64 99
58 99
0 37
62 99
0 29
0 23
0 27
0 5
0 20
0 10
0 8
0 26
0 16
0 17
0 18
0 13
0 7
0 25
0 4
97 99
0 11
0 2
0 19
31 75
0 14
0 9
0 1
0 6
80 99
3 43
3 37
3 51
3 34
3 44
3 31
3 29
67 99
3 26
3 4
3 27
3 7
3 16
3 20
3 8
3 15
90 99
86 99
81 99
82 99
3 6
75 99
3 13
3 5
3 12
3 17
93 99
3 10
84 99
89 99
3 14
3 1
3 11
3 23
3 2
87 99
19 55
19 56
72 99
79 99
19 49
83 99
85 99
76 99
92 99
19 63
78 99
19 58
88 99
94 99
98 99
91 99
74 95
56 95
19 30
19 28
80 95
19 64
19 46
55 95
19 23
19 35
