5
27
40
92
32
86
100
0 6
15 41
14 90
0 72
0 5
0 47
0 67
0 9
0 97
67 52
0 84
67 63
0 24
0 44
0 20
0 29
0 36
0 74
0 43
0 71
0 75
0 59
0 25
0 95
0 12
0 77
0 78
0 26
0 73
0 53
0 70
0 48
0 91
0 88
0 34
0 35
0 89
0 18
0 17
0 8
0 93
0 65
0 7
38 26
90 63
90 99
34 99
96 26
41 99
81 42
39 99
39 52
56 26
16 99
63 26
38 59
59 99
29 99
52 99
26 99
10 99
19 99
96 99
76 99
95 99
63 99
62 99
88 99
33 99
57 99
97 99
35 99
25 99
31 99
69 99
18 99
77 99
78 99
5 99
22 99
60 99
11 99
9 99
54 99
4 99
8 99
44 99
71 99
24 99
87 99
51 99
98 99
82 99
72 99
12 99
85 99
93 99
1 99
67 99
89 99
