0
100
0 59
0 26
38 59
49 59
4 52
20 59
10 59
0 22
0 35
0 40
21 52
25 32
35 32
29 36
56 18
36 52
19 38
25 56
22 52
25 35
25 44
25 29
25 11
45 52
34 52
7 28
49 28
31 28
49 26
37 24
13 28
51 26
24 28
39 15
15 20
10 20
29 58
1 33
5 33
58 33
46 33
55 16
31 13
54 40
5 13
54 44
16 13
55 2
54 32
29 10
51 8
29 56
47 54
47 5
47 6
29 44
43 13
19 32
32 17
50 40
1 17
27 30
58 17
18 6
49 30
5 17
42 36
36 17
50 21
42 21
40 17
56 17
49 21
30 17
27 38
45 21
57 36
45 36
58 36
30 10
40 10
43 10
37 7
3 7
43 8
15 8
23 8
23 2
56 2
19 30
37 30
11 38
45 38
16 37
23 44
57 44
11 35
19 35
1 35
41 23
