5
5
3
49
29
30
100
26 79
71 79
24 79
46 79
0 31
41 79
31 79
69 79
8 79
28 58
0 2
57 79
65 79
43 79
0 66
58 79
0 42
4 17
48 2
36 79
0 46
77 79
73 79
0 16
0 1
0 4
0 7
17 79
0 18
2 79
0 24
0 12
0 59
1 79
0 19
0 56
0 41
0 35
73 61
0 58
15 79
0 26
64 79
0 70
44 79
61 78
16 79
15 78
0 51
72 78
31 78
0 50
0 25
0 68
9 10
9 36
9 57
9 73
9 59
9 1
9 24
28 21
9 31
9 33
9 19
9 23
9 18
1 37
9 4
9 22
9 38
9 68
9 77
9 65
9 11
9 41
9 50
4 45
55 39
55 18
55 4
55 75
37 78
59 78
55 24
46 51
45 78
21 78
13 78
55 65
27 78
55 71
51 78
77 78
55 1
55 64
55 73
55 74
10 78
55 12
