5
26
89
93
38
44
100
35 99
15 99
73 99
80 99
97 99
62 96
51 96
5 41
64 57
0 17
77 57
0 66
0 81
25 57
83 47
30 7
4 72
30 8
30 15
30 2
62 72
46 58
46 17
74 70
71 95
71 39
3 29
94 51
67 72
82 33
19 88
19 75
19 4
11 72
18 52
69 72
18 13
18 28
60 88
60 73
60 23
16 49
9 72
11 64
97 72
36 80
11 84
11 51
33 72
66 78
11 14
92 81
88 82
34 4
9 29
9 5
62 78
27 78
7 58
37 24
21 25
90 73
49 33
13 54
53 62
12 83
23 21
70 62
7 61
31 69
31 76
31 88
90 20
22 53
39 90
66 10
56 63
79 12
75 84
63 12
51 45
66 15
68 88
91 37
91 58
51 67
75 43
52 82
52 23
85 88
98 5
36 42
48 42
53 68
85 56
43 98
75 23
43 69
13 75
13 85
