5
76
87
21
62
75
100
88 27
35 99
80 56
69 97
22 99
52 99
92 99
83 99
55 99
18 99
67 99
78 99
91 99
51 99
2 99
3 99
82 99
54 99
50 99
71 99
38 99
49 99
57 99
65 99
88 99
72 99
34 99
19 99
37 99
81 99
0 99
25 99
61 99
31 99
41 99
8 99
32 99
95 99
40 99
14 99
46 99
60 99
23 99
16 99
13 99
29 99
7 99
73 99
56 99
69 99
85 99
17 99
59 99
93 99
48 99
74 99
66 99
9 99
27 99
86 99
58 99
44 99
47 99
63 99
24 99
36 99
26 99
70 99
4 99
43 99
68 99
20 99
28 99
11 99
30 99
42 99
1 99
90 99
45 99
12 99
15 99
88 54
60 53
85 53
74 88
80 88
0 52
80 90
0 80
50 53
33 53
9 53
61 53
88 53
54 53
11 53
68 53
73 53
81 53
8 53
