0
100
0 99
16 99
0 33
0 75
8 99
0 17
57 99
41 99
60 99
17 99
82 99
31 99
42 99
2 99
23 99
39 99
50 22
0 11
45 99
81 99
83 72
22 99
29 99
0 38
25 14
0 98
0 61
0 95
0 67
0 31
0 80
0 57
0 28
0 23
0 84
0 70
0 18
0 36
0 40
93 99
0 83
0 43
25 95
0 79
0 35
0 25
0 59
11 99
0 81
56 99
0 66
44 99
0 47
37 99
84 99
14 99
55 99
94 99
0 22
66 99
0 53
77 99
0 82
0 58
0 65
0 60
0 1
0 42
0 76
79 99
4 92
74 99
0 37
0 15
0 3
0 45
0 55
0 51
0 73
0 13
0 9
52 99
0 69
0 86
49 99
0 6
0 41
0 72
0 52
53 99
16 18
33 99
35 99
16 44
86 99
16 61
92 99
97 99
16 57
80 99
