5
49
53
23
85
34
100
67 93
54 93
0 13
89 93
0 19
0 2
20 93
81 93
0 5
0 14
38 93
74 93
65 93
0 35
0 87
0 69
0 36
2 93
30 93
0 93
0 11
0 33
17 93
28 93
84 93
0 74
26 93
79 93
0 71
37 93
45 93
56 93
31 93
83 93
55 93
0 51
90 93
0 68
0 52
0 59
91 93
0 39
46 93
22 93
3 93
0 44
0 8
18 93
72 93
0 90
33 93
36 93
0 67
0 42
57 93
69 93
9 93
0 82
52 93
86 93
15 93
7 93
21 93
68 93
0 37
47 93
0 40
0 48
0 24
0 1
50 93
0 58
77 93
0 15
10 93
62 93
76 93
0 86
0 56
78 93
0 75
63 93
29 93
64 93
0 17
0 18
86 88
0 57
0 30
0 41
42 93
0 9
0 32
0 16
0 64
80 93
0 83
0 81
0 66
0 63
