5
98
52
24
19
53
100
83 99
36 99
75 99
50 99
76 99
63 99
0 23
70 99
0 40
0 57
0 69
0 3
0 11
21 99
89 99
0 27
20 99
0 95
0 59
73 29
82 99
51 99
87 99
0 7
29 99
80 99
0 37
8 99
0 73
0 71
0 41
0 72
0 79
0 76
88 99
0 67
0 82
7 99
0 18
0 38
0 88
0 94
0 87
0 61
22 99
85 99
0 97
69 99
0 32
18 99
0 36
5 99
42 99
61 99
32 99
0 15
0 33
0 66
57 99
0 62
0 78
39 99
91 99
0 31
44 99
0 64
93 99
0 21
92 99
66 99
0 81
71 99
0 56
0 99
81 99
0 44
34 99
45 99
0 48
16 99
54 99
0 51
0 93
80 17
0 26
15 67
0 50
0 96
0 30
9 99
0 80
0 91
0 74
10 99
0 20
0 85
40 99
0 89
0 68
56 99
