5
6
17
22
95
79
100
48 99
0 62
27 99
0 31
14 99
0 97
0 12
0 2
61 99
78 99
39 99
0 14
0 35
66 99
0 96
0 84
0 19
0 64
75 99
81 99
0 51
80 99
16 99
36 99
20 99
82 99
72 99
0 38
0 10
0 86
25 76
0 92
0 71
0 49
0 37
0 7
0 77
0 93
76 99
0 23
73 99
98 99
0 43
0 13
7 23
12 99
0 74
10 99
28 99
23 99
0 24
70 99
0 20
0 68
7 99
38 99
49 99
0 76
0 85
0 72
0 99
0 82
0 94
0 1
30 99
63 99
60 99
0 46
0 28
0 48
0 30
89 99
96 99
65 99
0 15
0 54
0 67
25 99
33 99
0 57
35 99
45 99
0 98
97 99
0 56
0 75
0 27
11 99
0 88
32 99
0 59
0 26
2 99
47 99
50 99
5 99
8 99
0 36
0 81
0 87
