0
100
0 99
0 1
97 98
25 45
46 98
3 4
42 43
74 4
24 23
24 72
58 59
60 59
97 96
76 43
97 29
52 81
48 14
30 71
97 13
5 4
70 4
8 7
10 11
12 11
5 6
44 43
82 81
41 91
41 42
25 24
54 55
39 38
26 27
84 85
26 84
33 32
33 13
1 2
18 59
56 55
26 34
76 75
78 79
71 69
71 70
57 86
73 53
56 89
2 87
13 87
72 73
17 16
96 95
96 37
14 15
71 96
87 59
82 83
68 69
84 83
82 84
9 10
88 5
22 21
94 93
23 67
23 21
89 90
87 86
89 20
54 53
2 3
16 69
31 32
35 58
34 33
47 46
93 92
53 84
53 52
31 93
31 53
36 37
31 30
61 91
66 65
49 65
49 50
67 66
63 64
48 49
61 60
17 52
19 20
52 51
75 51
75 1
74 73
91 90
91 58
